2023/07/17 17:38:29 [notice] 1#1: using the "epoll" event method
2023/07/17 17:38:29 [notice] 1#1: nginx/1.21.3
2023/07/17 17:38:29 [notice] 1#1: built by gcc 8.3.0 (Debian 8.3.0-6) 
2023/07/17 17:38:29 [notice] 1#1: OS: Linux 5.15.49-linuxkit-pr
2023/07/17 17:38:29 [notice] 1#1: getrlimit(RLIMIT_NOFILE): 1048576:1048576
2023/07/17 17:38:29 [notice] 1#1: start worker processes
2023/07/17 17:38:29 [notice] 1#1: start worker process 22
2023/07/17 17:38:29 [notice] 1#1: start worker process 23
2023/07/17 17:38:29 [notice] 1#1: start worker process 24
2023/07/17 17:38:29 [notice] 1#1: start worker process 25
2023/07/17 17:38:29 [notice] 1#1: start worker process 26
2023/07/17 17:39:41 [notice] 1#1: signal 3 (SIGQUIT) received, shutting down
2023/07/17 17:39:41 [notice] 22#22: gracefully shutting down
2023/07/17 17:39:41 [notice] 22#22: exiting
2023/07/17 17:39:41 [notice] 23#23: gracefully shutting down
2023/07/17 17:39:41 [notice] 25#25: gracefully shutting down
2023/07/17 17:39:41 [notice] 25#25: exiting
2023/07/17 17:39:41 [notice] 26#26: gracefully shutting down
2023/07/17 17:39:41 [notice] 24#24: gracefully shutting down
2023/07/17 17:39:41 [notice] 22#22: exit
2023/07/17 17:39:41 [notice] 23#23: exiting
2023/07/17 17:39:41 [notice] 25#25: exit
2023/07/17 17:39:41 [notice] 26#26: exiting
2023/07/17 17:39:41 [notice] 24#24: exiting
2023/07/17 17:39:41 [notice] 23#23: exit
2023/07/17 17:39:41 [notice] 26#26: exit
2023/07/17 17:39:41 [notice] 24#24: exit
2023/07/17 17:39:41 [notice] 1#1: signal 17 (SIGCHLD) received from 25
2023/07/17 17:39:41 [notice] 1#1: worker process 22 exited with code 0
2023/07/17 17:39:41 [notice] 1#1: worker process 25 exited with code 0
2023/07/17 17:39:41 [notice] 1#1: signal 29 (SIGIO) received
2023/07/17 17:39:41 [notice] 1#1: signal 17 (SIGCHLD) received from 22
2023/07/17 17:39:41 [notice] 1#1: signal 17 (SIGCHLD) received from 24
2023/07/17 17:39:41 [notice] 1#1: worker process 23 exited with code 0
2023/07/17 17:39:41 [notice] 1#1: worker process 24 exited with code 0
2023/07/17 17:39:41 [notice] 1#1: worker process 26 exited with code 0
2023/07/17 17:39:41 [notice] 1#1: exit
2023/07/17 17:41:20 [notice] 1#1: using the "epoll" event method
2023/07/17 17:41:20 [notice] 1#1: nginx/1.21.3
2023/07/17 17:41:20 [notice] 1#1: built by gcc 8.3.0 (Debian 8.3.0-6) 
2023/07/17 17:41:20 [notice] 1#1: OS: Linux 5.15.49-linuxkit-pr
2023/07/17 17:41:20 [notice] 1#1: getrlimit(RLIMIT_NOFILE): 1048576:1048576
2023/07/17 17:41:20 [notice] 1#1: start worker processes
2023/07/17 17:41:20 [notice] 1#1: start worker process 22
2023/07/17 17:41:20 [notice] 1#1: start worker process 23
2023/07/17 17:41:20 [notice] 1#1: start worker process 24
2023/07/17 17:41:20 [notice] 1#1: start worker process 25
2023/07/17 17:41:20 [notice] 1#1: start worker process 26
2023/07/17 17:44:09 [notice] 1#1: signal 3 (SIGQUIT) received, shutting down
2023/07/17 17:44:09 [notice] 23#23: gracefully shutting down
2023/07/17 17:44:09 [notice] 24#24: gracefully shutting down
2023/07/17 17:44:09 [notice] 22#22: gracefully shutting down
2023/07/17 17:44:09 [notice] 22#22: exiting
2023/07/17 17:44:09 [notice] 25#25: gracefully shutting down
2023/07/17 17:44:09 [notice] 25#25: exiting
2023/07/17 17:44:09 [notice] 26#26: gracefully shutting down
2023/07/17 17:44:09 [notice] 23#23: exiting
2023/07/17 17:44:09 [notice] 24#24: exiting
2023/07/17 17:44:09 [notice] 22#22: exit
2023/07/17 17:44:09 [notice] 25#25: exit
2023/07/17 17:44:09 [notice] 26#26: exiting
2023/07/17 17:44:09 [notice] 23#23: exit
2023/07/17 17:44:09 [notice] 24#24: exit
2023/07/17 17:44:09 [notice] 26#26: exit
2023/07/17 17:44:09 [notice] 1#1: signal 17 (SIGCHLD) received from 22
2023/07/17 17:44:09 [notice] 1#1: worker process 22 exited with code 0
2023/07/17 17:44:09 [notice] 1#1: worker process 25 exited with code 0
2023/07/17 17:44:09 [notice] 1#1: worker process 24 exited with code 0
2023/07/17 17:44:09 [notice] 1#1: worker process 23 exited with code 0
2023/07/17 17:44:09 [notice] 1#1: worker process 26 exited with code 0
2023/07/17 17:44:09 [notice] 1#1: exit
2023/07/17 17:45:30 [notice] 1#1: using the "epoll" event method
2023/07/17 17:45:30 [notice] 1#1: nginx/1.21.3
2023/07/17 17:45:30 [notice] 1#1: built by gcc 8.3.0 (Debian 8.3.0-6) 
2023/07/17 17:45:30 [notice] 1#1: OS: Linux 5.15.49-linuxkit-pr
2023/07/17 17:45:30 [notice] 1#1: getrlimit(RLIMIT_NOFILE): 1048576:1048576
2023/07/17 17:45:30 [notice] 1#1: start worker processes
2023/07/17 17:45:30 [notice] 1#1: start worker process 22
2023/07/17 17:45:30 [notice] 1#1: start worker process 23
2023/07/17 17:45:30 [notice] 1#1: start worker process 24
2023/07/17 17:45:30 [notice] 1#1: start worker process 25
2023/07/17 17:45:30 [notice] 1#1: start worker process 26
2023/07/17 17:47:15 [notice] 1#1: signal 3 (SIGQUIT) received, shutting down
2023/07/17 17:47:15 [notice] 24#24: gracefully shutting down
2023/07/17 17:47:15 [notice] 22#22: gracefully shutting down
2023/07/17 17:47:15 [notice] 22#22: exiting
2023/07/17 17:47:15 [notice] 26#26: gracefully shutting down
2023/07/17 17:47:15 [notice] 26#26: exiting
2023/07/17 17:47:15 [notice] 25#25: gracefully shutting down
2023/07/17 17:47:15 [notice] 25#25: exiting
2023/07/17 17:47:15 [notice] 24#24: exiting
2023/07/17 17:47:15 [notice] 23#23: gracefully shutting down
2023/07/17 17:47:15 [notice] 23#23: exiting
2023/07/17 17:47:15 [notice] 23#23: exit
2023/07/17 17:47:15 [notice] 22#22: exit
2023/07/17 17:47:15 [notice] 26#26: exit
2023/07/17 17:47:15 [notice] 25#25: exit
2023/07/17 17:47:15 [notice] 24#24: exit
2023/07/17 17:47:15 [notice] 1#1: signal 17 (SIGCHLD) received from 23
2023/07/17 17:47:15 [notice] 1#1: worker process 23 exited with code 0
2023/07/17 17:47:15 [notice] 1#1: signal 29 (SIGIO) received
2023/07/17 17:47:15 [notice] 1#1: signal 17 (SIGCHLD) received from 25
2023/07/17 17:47:15 [notice] 1#1: worker process 24 exited with code 0
2023/07/17 17:47:15 [notice] 1#1: worker process 22 exited with code 0
2023/07/17 17:47:15 [notice] 1#1: worker process 25 exited with code 0
2023/07/17 17:47:15 [notice] 1#1: worker process 26 exited with code 0
2023/07/17 17:47:15 [notice] 1#1: exit
2023/07/17 17:47:18 [notice] 1#1: using the "epoll" event method
2023/07/17 17:47:18 [notice] 1#1: nginx/1.21.3
2023/07/17 17:47:18 [notice] 1#1: built by gcc 8.3.0 (Debian 8.3.0-6) 
2023/07/17 17:47:18 [notice] 1#1: OS: Linux 5.15.49-linuxkit-pr
2023/07/17 17:47:18 [notice] 1#1: getrlimit(RLIMIT_NOFILE): 1048576:1048576
2023/07/17 17:47:18 [notice] 1#1: start worker processes
2023/07/17 17:47:18 [notice] 1#1: start worker process 22
2023/07/17 17:47:18 [notice] 1#1: start worker process 23
2023/07/17 17:47:18 [notice] 1#1: start worker process 24
2023/07/17 17:47:18 [notice] 1#1: start worker process 25
2023/07/17 17:47:18 [notice] 1#1: start worker process 26
2023/07/17 18:17:31 [notice] 1#1: using the "epoll" event method
2023/07/17 18:17:31 [notice] 1#1: nginx/1.21.3
2023/07/17 18:17:31 [notice] 1#1: built by gcc 8.3.0 (Debian 8.3.0-6) 
2023/07/17 18:17:31 [notice] 1#1: OS: Linux 5.15.49-linuxkit-pr
2023/07/17 18:17:31 [notice] 1#1: getrlimit(RLIMIT_NOFILE): 1048576:1048576
2023/07/17 18:17:31 [notice] 1#1: start worker processes
2023/07/17 18:17:31 [notice] 1#1: start worker process 22
2023/07/17 18:17:31 [notice] 1#1: start worker process 23
2023/07/17 18:17:31 [notice] 1#1: start worker process 24
2023/07/17 18:17:31 [notice] 1#1: start worker process 25
2023/07/17 18:17:31 [notice] 1#1: start worker process 26
2023/07/17 18:22:51 [notice] 1#1: signal 3 (SIGQUIT) received, shutting down
2023/07/17 18:22:51 [notice] 25#25: gracefully shutting down
2023/07/17 18:22:51 [notice] 22#22: gracefully shutting down
2023/07/17 18:22:51 [notice] 23#23: gracefully shutting down
2023/07/17 18:22:51 [notice] 26#26: gracefully shutting down
2023/07/17 18:22:51 [notice] 26#26: exiting
2023/07/17 18:22:51 [notice] 24#24: gracefully shutting down
2023/07/17 18:22:51 [notice] 25#25: exiting
2023/07/17 18:22:51 [notice] 22#22: exiting
2023/07/17 18:22:51 [notice] 23#23: exiting
2023/07/17 18:22:51 [notice] 26#26: exit
2023/07/17 18:22:51 [notice] 24#24: exiting
2023/07/17 18:22:51 [notice] 24#24: exit
2023/07/17 18:22:51 [notice] 25#25: exit
2023/07/17 18:22:51 [notice] 22#22: exit
2023/07/17 18:22:51 [notice] 23#23: exit
2023/07/17 18:22:51 [notice] 1#1: signal 17 (SIGCHLD) received from 24
2023/07/17 18:22:51 [notice] 1#1: worker process 24 exited with code 0
2023/07/17 18:22:51 [notice] 1#1: worker process 26 exited with code 0
2023/07/17 18:22:51 [notice] 1#1: signal 29 (SIGIO) received
2023/07/17 18:22:51 [notice] 1#1: signal 17 (SIGCHLD) received from 23
2023/07/17 18:22:51 [notice] 1#1: worker process 23 exited with code 0
2023/07/17 18:22:51 [notice] 1#1: worker process 25 exited with code 0
2023/07/17 18:22:51 [notice] 1#1: signal 29 (SIGIO) received
2023/07/17 18:22:51 [notice] 1#1: signal 17 (SIGCHLD) received from 25
2023/07/17 18:22:51 [notice] 1#1: signal 17 (SIGCHLD) received from 22
2023/07/17 18:22:51 [notice] 1#1: worker process 22 exited with code 0
2023/07/17 18:22:51 [notice] 1#1: exit
2023/07/17 18:22:52 [notice] 1#1: using the "epoll" event method
2023/07/17 18:22:52 [notice] 1#1: nginx/1.21.3
2023/07/17 18:22:52 [notice] 1#1: built by gcc 8.3.0 (Debian 8.3.0-6) 
2023/07/17 18:22:52 [notice] 1#1: OS: Linux 5.15.49-linuxkit-pr
2023/07/17 18:22:52 [notice] 1#1: getrlimit(RLIMIT_NOFILE): 1048576:1048576
2023/07/17 18:22:52 [notice] 1#1: start worker processes
2023/07/17 18:22:52 [notice] 1#1: start worker process 22
2023/07/17 18:22:52 [notice] 1#1: start worker process 23
2023/07/17 18:22:52 [notice] 1#1: start worker process 24
2023/07/17 18:22:52 [notice] 1#1: start worker process 25
2023/07/17 18:22:52 [notice] 1#1: start worker process 26
2023/07/17 18:23:56 [notice] 1#1: signal 3 (SIGQUIT) received, shutting down
2023/07/17 18:23:56 [notice] 22#22: gracefully shutting down
2023/07/17 18:23:56 [notice] 23#23: gracefully shutting down
2023/07/17 18:23:56 [notice] 25#25: gracefully shutting down
2023/07/17 18:23:56 [notice] 25#25: exiting
2023/07/17 18:23:56 [notice] 24#24: gracefully shutting down
2023/07/17 18:23:56 [notice] 24#24: exiting
2023/07/17 18:23:56 [notice] 26#26: gracefully shutting down
2023/07/17 18:23:56 [notice] 22#22: exiting
2023/07/17 18:23:56 [notice] 22#22: exit
2023/07/17 18:23:56 [notice] 23#23: exiting
2023/07/17 18:23:56 [notice] 23#23: exit
2023/07/17 18:23:56 [notice] 25#25: exit
2023/07/17 18:23:56 [notice] 24#24: exit
2023/07/17 18:23:56 [notice] 26#26: exiting
2023/07/17 18:23:56 [notice] 26#26: exit
2023/07/17 18:23:56 [notice] 1#1: signal 17 (SIGCHLD) received from 23
2023/07/17 18:23:56 [notice] 1#1: worker process 22 exited with code 0
2023/07/17 18:23:56 [notice] 1#1: worker process 23 exited with code 0
2023/07/17 18:23:56 [notice] 1#1: worker process 25 exited with code 0
2023/07/17 18:23:56 [notice] 1#1: signal 29 (SIGIO) received
2023/07/17 18:23:56 [notice] 1#1: signal 17 (SIGCHLD) received from 22
2023/07/17 18:23:56 [notice] 1#1: signal 17 (SIGCHLD) received from 24
2023/07/17 18:23:56 [notice] 1#1: worker process 24 exited with code 0
2023/07/17 18:23:56 [notice] 1#1: signal 29 (SIGIO) received
2023/07/17 18:23:56 [notice] 1#1: signal 17 (SIGCHLD) received from 26
2023/07/17 18:23:56 [notice] 1#1: worker process 26 exited with code 0
2023/07/17 18:23:56 [notice] 1#1: exit
2023/07/17 18:24:00 [notice] 1#1: using the "epoll" event method
2023/07/17 18:24:00 [notice] 1#1: nginx/1.21.3
2023/07/17 18:24:00 [notice] 1#1: built by gcc 8.3.0 (Debian 8.3.0-6) 
2023/07/17 18:24:00 [notice] 1#1: OS: Linux 5.15.49-linuxkit-pr
2023/07/17 18:24:00 [notice] 1#1: getrlimit(RLIMIT_NOFILE): 1048576:1048576
2023/07/17 18:24:00 [notice] 1#1: start worker processes
2023/07/17 18:24:00 [notice] 1#1: start worker process 21
2023/07/17 18:24:00 [notice] 1#1: start worker process 22
2023/07/17 18:24:00 [notice] 1#1: start worker process 23
2023/07/17 18:24:00 [notice] 1#1: start worker process 24
2023/07/17 18:24:00 [notice] 1#1: start worker process 25
2023/07/17 18:27:06 [notice] 1#1: signal 3 (SIGQUIT) received, shutting down
2023/07/17 18:27:06 [notice] 21#21: gracefully shutting down
2023/07/17 18:27:06 [notice] 23#23: gracefully shutting down
2023/07/17 18:27:06 [notice] 22#22: gracefully shutting down
2023/07/17 18:27:06 [notice] 22#22: exiting
2023/07/17 18:27:06 [notice] 24#24: gracefully shutting down
2023/07/17 18:27:06 [notice] 25#25: gracefully shutting down
2023/07/17 18:27:06 [notice] 25#25: exiting
2023/07/17 18:27:06 [notice] 21#21: exiting
2023/07/17 18:27:06 [notice] 21#21: exit
2023/07/17 18:27:06 [notice] 23#23: exiting
2023/07/17 18:27:06 [notice] 22#22: exit
2023/07/17 18:27:06 [notice] 24#24: exiting
2023/07/17 18:27:06 [notice] 24#24: exit
2023/07/17 18:27:06 [notice] 25#25: exit
2023/07/17 18:27:06 [notice] 23#23: exit
2023/07/17 18:27:06 [notice] 1#1: signal 17 (SIGCHLD) received from 21
2023/07/17 18:27:06 [notice] 1#1: worker process 21 exited with code 0
2023/07/17 18:27:06 [notice] 1#1: signal 29 (SIGIO) received
2023/07/17 18:27:06 [notice] 1#1: signal 17 (SIGCHLD) received from 25
2023/07/17 18:27:06 [notice] 1#1: worker process 22 exited with code 0
2023/07/17 18:27:06 [notice] 1#1: worker process 24 exited with code 0
2023/07/17 18:27:06 [notice] 1#1: worker process 25 exited with code 0
2023/07/17 18:27:06 [notice] 1#1: signal 29 (SIGIO) received
2023/07/17 18:27:06 [notice] 1#1: signal 17 (SIGCHLD) received from 24
2023/07/17 18:27:06 [notice] 1#1: signal 17 (SIGCHLD) received from 23
2023/07/17 18:27:06 [notice] 1#1: worker process 23 exited with code 0
2023/07/17 18:27:06 [notice] 1#1: exit
2023/07/17 18:27:10 [notice] 1#1: using the "epoll" event method
2023/07/17 18:27:10 [notice] 1#1: nginx/1.21.3
2023/07/17 18:27:10 [notice] 1#1: built by gcc 8.3.0 (Debian 8.3.0-6) 
2023/07/17 18:27:10 [notice] 1#1: OS: Linux 5.15.49-linuxkit-pr
2023/07/17 18:27:10 [notice] 1#1: getrlimit(RLIMIT_NOFILE): 1048576:1048576
2023/07/17 18:27:10 [notice] 1#1: start worker processes
2023/07/17 18:27:10 [notice] 1#1: start worker process 22
2023/07/17 18:27:10 [notice] 1#1: start worker process 23
2023/07/17 18:27:10 [notice] 1#1: start worker process 24
2023/07/17 18:27:10 [notice] 1#1: start worker process 25
2023/07/17 18:27:10 [notice] 1#1: start worker process 26
2023/07/18 03:51:30 [notice] 1#1: using the "epoll" event method
2023/07/18 03:51:30 [notice] 1#1: nginx/1.21.3
2023/07/18 03:51:30 [notice] 1#1: built by gcc 8.3.0 (Debian 8.3.0-6) 
2023/07/18 03:51:30 [notice] 1#1: OS: Linux 5.15.49-linuxkit-pr
2023/07/18 03:51:30 [notice] 1#1: getrlimit(RLIMIT_NOFILE): 1048576:1048576
2023/07/18 03:51:30 [notice] 1#1: start worker processes
2023/07/18 03:51:30 [notice] 1#1: start worker process 22
2023/07/18 03:51:30 [notice] 1#1: start worker process 23
2023/07/18 03:51:30 [notice] 1#1: start worker process 24
2023/07/18 03:51:30 [notice] 1#1: start worker process 25
2023/07/18 03:51:30 [notice] 1#1: start worker process 26
2023/07/18 03:53:29 [notice] 1#1: signal 3 (SIGQUIT) received, shutting down
2023/07/18 03:53:29 [notice] 23#23: gracefully shutting down
2023/07/18 03:53:29 [notice] 23#23: exiting
2023/07/18 03:53:29 [notice] 22#22: gracefully shutting down
2023/07/18 03:53:29 [notice] 22#22: exiting
2023/07/18 03:53:29 [notice] 24#24: gracefully shutting down
2023/07/18 03:53:29 [notice] 24#24: exiting
2023/07/18 03:53:29 [notice] 25#25: gracefully shutting down
2023/07/18 03:53:29 [notice] 25#25: exiting
2023/07/18 03:53:29 [notice] 26#26: gracefully shutting down
2023/07/18 03:53:29 [notice] 23#23: exit
2023/07/18 03:53:29 [notice] 22#22: exit
2023/07/18 03:53:29 [notice] 24#24: exit
2023/07/18 03:53:29 [notice] 25#25: exit
2023/07/18 03:53:29 [notice] 26#26: exiting
2023/07/18 03:53:29 [notice] 26#26: exit
2023/07/18 03:53:29 [notice] 1#1: signal 17 (SIGCHLD) received from 22
2023/07/18 03:53:29 [notice] 1#1: worker process 22 exited with code 0
2023/07/18 03:53:29 [notice] 1#1: worker process 23 exited with code 0
2023/07/18 03:53:29 [notice] 1#1: signal 29 (SIGIO) received
2023/07/18 03:53:29 [notice] 1#1: signal 17 (SIGCHLD) received from 23
2023/07/18 03:53:29 [notice] 1#1: signal 17 (SIGCHLD) received from 24
2023/07/18 03:53:29 [notice] 1#1: worker process 24 exited with code 0
2023/07/18 03:53:29 [notice] 1#1: signal 29 (SIGIO) received
2023/07/18 03:53:29 [notice] 1#1: signal 17 (SIGCHLD) received from 25
2023/07/18 03:53:29 [notice] 1#1: worker process 25 exited with code 0
2023/07/18 03:53:29 [notice] 1#1: signal 29 (SIGIO) received
2023/07/18 03:53:29 [notice] 1#1: signal 17 (SIGCHLD) received from 26
2023/07/18 03:53:29 [notice] 1#1: worker process 26 exited with code 0
2023/07/18 03:53:29 [notice] 1#1: exit
2023/07/18 03:53:30 [notice] 1#1: using the "epoll" event method
2023/07/18 03:53:30 [notice] 1#1: nginx/1.21.3
2023/07/18 03:53:30 [notice] 1#1: built by gcc 8.3.0 (Debian 8.3.0-6) 
2023/07/18 03:53:30 [notice] 1#1: OS: Linux 5.15.49-linuxkit-pr
2023/07/18 03:53:30 [notice] 1#1: getrlimit(RLIMIT_NOFILE): 1048576:1048576
2023/07/18 03:53:30 [notice] 1#1: start worker processes
2023/07/18 03:53:30 [notice] 1#1: start worker process 22
2023/07/18 03:53:30 [notice] 1#1: start worker process 23
2023/07/18 03:53:30 [notice] 1#1: start worker process 24
2023/07/18 03:53:30 [notice] 1#1: start worker process 25
2023/07/18 03:53:30 [notice] 1#1: start worker process 26
2023/07/18 03:55:56 [notice] 1#1: signal 3 (SIGQUIT) received, shutting down
2023/07/18 03:55:56 [notice] 22#22: gracefully shutting down
2023/07/18 03:55:56 [notice] 22#22: exiting
2023/07/18 03:55:56 [notice] 25#25: gracefully shutting down
2023/07/18 03:55:56 [notice] 25#25: exiting
2023/07/18 03:55:56 [notice] 24#24: gracefully shutting down
2023/07/18 03:55:56 [notice] 23#23: gracefully shutting down
2023/07/18 03:55:56 [notice] 23#23: exiting
2023/07/18 03:55:56 [notice] 26#26: gracefully shutting down
2023/07/18 03:55:56 [notice] 22#22: exit
2023/07/18 03:55:56 [notice] 25#25: exit
2023/07/18 03:55:56 [notice] 24#24: exiting
2023/07/18 03:55:56 [notice] 24#24: exit
2023/07/18 03:55:56 [notice] 23#23: exit
2023/07/18 03:55:56 [notice] 26#26: exiting
2023/07/18 03:55:56 [notice] 26#26: exit
2023/07/18 03:55:56 [notice] 1#1: signal 17 (SIGCHLD) received from 25
2023/07/18 03:55:56 [notice] 1#1: worker process 22 exited with code 0
2023/07/18 03:55:56 [notice] 1#1: worker process 25 exited with code 0
2023/07/18 03:55:56 [notice] 1#1: worker process 24 exited with code 0
2023/07/18 03:55:56 [notice] 1#1: worker process 23 exited with code 0
2023/07/18 03:55:56 [notice] 1#1: worker process 26 exited with code 0
2023/07/18 03:55:56 [notice] 1#1: exit
2023/07/18 03:55:56 [notice] 1#1: using the "epoll" event method
2023/07/18 03:55:56 [notice] 1#1: nginx/1.21.3
2023/07/18 03:55:56 [notice] 1#1: built by gcc 8.3.0 (Debian 8.3.0-6) 
2023/07/18 03:55:56 [notice] 1#1: OS: Linux 5.15.49-linuxkit-pr
2023/07/18 03:55:56 [notice] 1#1: getrlimit(RLIMIT_NOFILE): 1048576:1048576
2023/07/18 03:55:56 [notice] 1#1: start worker processes
2023/07/18 03:55:56 [notice] 1#1: start worker process 22
2023/07/18 03:55:56 [notice] 1#1: start worker process 23
2023/07/18 03:55:56 [notice] 1#1: start worker process 24
2023/07/18 03:55:56 [notice] 1#1: start worker process 25
2023/07/18 03:55:56 [notice] 1#1: start worker process 26
2023/07/18 04:01:54 [notice] 1#1: signal 3 (SIGQUIT) received, shutting down
2023/07/18 04:01:54 [notice] 24#24: gracefully shutting down
2023/07/18 04:01:54 [notice] 24#24: exiting
2023/07/18 04:01:54 [notice] 23#23: gracefully shutting down
2023/07/18 04:01:54 [notice] 26#26: gracefully shutting down
2023/07/18 04:01:54 [notice] 25#25: gracefully shutting down
2023/07/18 04:01:54 [notice] 22#22: gracefully shutting down
2023/07/18 04:01:54 [notice] 24#24: exit
2023/07/18 04:01:54 [notice] 23#23: exiting
2023/07/18 04:01:54 [notice] 23#23: exit
2023/07/18 04:01:54 [notice] 26#26: exiting
2023/07/18 04:01:54 [notice] 26#26: exit
2023/07/18 04:01:54 [notice] 25#25: exiting
2023/07/18 04:01:54 [notice] 25#25: exit
2023/07/18 04:01:54 [notice] 22#22: exiting
2023/07/18 04:01:54 [notice] 22#22: exit
2023/07/18 04:01:54 [notice] 1#1: signal 17 (SIGCHLD) received from 23
2023/07/18 04:01:54 [notice] 1#1: worker process 22 exited with code 0
2023/07/18 04:01:54 [notice] 1#1: worker process 23 exited with code 0
2023/07/18 04:01:54 [notice] 1#1: worker process 24 exited with code 0
2023/07/18 04:01:54 [notice] 1#1: worker process 25 exited with code 0
2023/07/18 04:01:54 [notice] 1#1: worker process 26 exited with code 0
2023/07/18 04:01:54 [notice] 1#1: exit
2023/07/18 04:02:53 [notice] 1#1: using the "epoll" event method
2023/07/18 04:02:53 [notice] 1#1: nginx/1.21.3
2023/07/18 04:02:53 [notice] 1#1: built by gcc 8.3.0 (Debian 8.3.0-6) 
2023/07/18 04:02:53 [notice] 1#1: OS: Linux 5.15.49-linuxkit-pr
2023/07/18 04:02:53 [notice] 1#1: getrlimit(RLIMIT_NOFILE): 1048576:1048576
2023/07/18 04:02:53 [notice] 1#1: start worker processes
2023/07/18 04:02:53 [notice] 1#1: start worker process 21
2023/07/18 04:02:53 [notice] 1#1: start worker process 22
2023/07/18 04:02:53 [notice] 1#1: start worker process 23
2023/07/18 04:02:53 [notice] 1#1: start worker process 24
2023/07/18 04:02:53 [notice] 1#1: start worker process 25
2023/07/18 04:11:40 [notice] 1#1: signal 3 (SIGQUIT) received, shutting down
2023/07/18 04:11:40 [notice] 21#21: gracefully shutting down
2023/07/18 04:11:40 [notice] 24#24: gracefully shutting down
2023/07/18 04:11:40 [notice] 22#22: gracefully shutting down
2023/07/18 04:11:40 [notice] 22#22: exiting
2023/07/18 04:11:40 [notice] 25#25: gracefully shutting down
2023/07/18 04:11:40 [notice] 25#25: exiting
2023/07/18 04:11:40 [notice] 23#23: gracefully shutting down
2023/07/18 04:11:40 [notice] 23#23: exiting
2023/07/18 04:11:40 [notice] 21#21: exiting
2023/07/18 04:11:40 [notice] 21#21: exit
2023/07/18 04:11:40 [notice] 24#24: exiting
2023/07/18 04:11:40 [notice] 22#22: exit
2023/07/18 04:11:40 [notice] 25#25: exit
2023/07/18 04:11:40 [notice] 23#23: exit
2023/07/18 04:11:40 [notice] 24#24: exit
2023/07/18 04:11:40 [notice] 1#1: signal 17 (SIGCHLD) received from 21
2023/07/18 04:11:40 [notice] 1#1: worker process 21 exited with code 0
2023/07/18 04:11:40 [notice] 1#1: signal 29 (SIGIO) received
2023/07/18 04:11:40 [notice] 1#1: signal 17 (SIGCHLD) received from 23
2023/07/18 04:11:40 [notice] 1#1: worker process 22 exited with code 0
2023/07/18 04:11:40 [notice] 1#1: worker process 23 exited with code 0
2023/07/18 04:11:40 [notice] 1#1: worker process 24 exited with code 0
2023/07/18 04:11:40 [notice] 1#1: signal 29 (SIGIO) received
2023/07/18 04:11:40 [notice] 1#1: signal 17 (SIGCHLD) received from 22
2023/07/18 04:11:40 [notice] 1#1: worker process 25 exited with code 0
2023/07/18 04:11:40 [notice] 1#1: exit
2023/07/18 06:42:24 [notice] 1#1: using the "epoll" event method
2023/07/18 06:42:24 [notice] 1#1: nginx/1.21.3
2023/07/18 06:42:24 [notice] 1#1: built by gcc 8.3.0 (Debian 8.3.0-6) 
2023/07/18 06:42:24 [notice] 1#1: OS: Linux 5.15.49-linuxkit-pr
2023/07/18 06:42:24 [notice] 1#1: getrlimit(RLIMIT_NOFILE): 1048576:1048576
2023/07/18 06:42:24 [notice] 1#1: start worker processes
2023/07/18 06:42:24 [notice] 1#1: start worker process 22
2023/07/18 06:42:24 [notice] 1#1: start worker process 23
2023/07/18 06:42:24 [notice] 1#1: start worker process 24
2023/07/18 06:42:24 [notice] 1#1: start worker process 25
2023/07/18 06:42:24 [notice] 1#1: start worker process 26
2023/07/18 07:28:25 [notice] 1#1: signal 3 (SIGQUIT) received, shutting down
2023/07/18 07:28:25 [notice] 22#22: gracefully shutting down
2023/07/18 07:28:25 [notice] 22#22: exiting
2023/07/18 07:28:25 [notice] 25#25: gracefully shutting down
2023/07/18 07:28:25 [notice] 23#23: gracefully shutting down
2023/07/18 07:28:25 [notice] 24#24: gracefully shutting down
2023/07/18 07:28:25 [notice] 24#24: exiting
2023/07/18 07:28:25 [notice] 26#26: gracefully shutting down
2023/07/18 07:28:25 [notice] 26#26: exiting
2023/07/18 07:28:25 [notice] 22#22: exit
2023/07/18 07:28:25 [notice] 25#25: exiting
2023/07/18 07:28:25 [notice] 23#23: exiting
2023/07/18 07:28:25 [notice] 24#24: exit
2023/07/18 07:28:25 [notice] 26#26: exit
2023/07/18 07:28:25 [notice] 25#25: exit
2023/07/18 07:28:25 [notice] 23#23: exit
2023/07/18 07:28:25 [notice] 1#1: signal 17 (SIGCHLD) received from 26
2023/07/18 07:28:25 [notice] 1#1: worker process 25 exited with code 0
2023/07/18 07:28:25 [notice] 1#1: worker process 26 exited with code 0
2023/07/18 07:28:25 [notice] 1#1: signal 29 (SIGIO) received
2023/07/18 07:28:25 [notice] 1#1: signal 17 (SIGCHLD) received from 25
2023/07/18 07:28:25 [notice] 1#1: signal 17 (SIGCHLD) received from 22
2023/07/18 07:28:25 [notice] 1#1: worker process 22 exited with code 0
2023/07/18 07:28:25 [notice] 1#1: signal 29 (SIGIO) received
2023/07/18 07:28:25 [notice] 1#1: signal 17 (SIGCHLD) received from 24
2023/07/18 07:28:25 [notice] 1#1: worker process 24 exited with code 0
2023/07/18 07:28:25 [notice] 1#1: worker process 23 exited with code 0
2023/07/18 07:28:25 [notice] 1#1: exit
2023/07/18 07:30:15 [notice] 1#1: using the "epoll" event method
2023/07/18 07:30:15 [notice] 1#1: nginx/1.21.3
2023/07/18 07:30:15 [notice] 1#1: built by gcc 8.3.0 (Debian 8.3.0-6) 
2023/07/18 07:30:15 [notice] 1#1: OS: Linux 5.15.49-linuxkit-pr
2023/07/18 07:30:15 [notice] 1#1: getrlimit(RLIMIT_NOFILE): 1048576:1048576
2023/07/18 07:30:15 [notice] 1#1: start worker processes
2023/07/18 07:30:15 [notice] 1#1: start worker process 22
2023/07/18 07:30:15 [notice] 1#1: start worker process 23
2023/07/18 07:30:15 [notice] 1#1: start worker process 24
2023/07/18 07:30:15 [notice] 1#1: start worker process 25
2023/07/18 07:30:15 [notice] 1#1: start worker process 26
2023/07/18 08:44:50 [notice] 1#1: signal 3 (SIGQUIT) received, shutting down
2023/07/18 08:44:50 [notice] 23#23: gracefully shutting down
2023/07/18 08:44:50 [notice] 22#22: gracefully shutting down
2023/07/18 08:44:50 [notice] 26#26: gracefully shutting down
2023/07/18 08:44:50 [notice] 26#26: exiting
2023/07/18 08:44:50 [notice] 24#24: gracefully shutting down
2023/07/18 08:44:50 [notice] 25#25: gracefully shutting down
2023/07/18 08:44:50 [notice] 25#25: exiting
2023/07/18 08:44:50 [notice] 23#23: exiting
2023/07/18 08:44:50 [notice] 22#22: exiting
2023/07/18 08:44:50 [notice] 22#22: exit
2023/07/18 08:44:50 [notice] 26#26: exit
2023/07/18 08:44:50 [notice] 24#24: exiting
2023/07/18 08:44:50 [notice] 25#25: exit
2023/07/18 08:44:50 [notice] 23#23: exit
2023/07/18 08:44:50 [notice] 24#24: exit
2023/07/18 08:44:50 [notice] 1#1: signal 17 (SIGCHLD) received from 26
2023/07/18 08:44:50 [notice] 1#1: worker process 22 exited with code 0
2023/07/18 08:44:50 [notice] 1#1: worker process 26 exited with code 0
2023/07/18 08:44:50 [notice] 1#1: signal 29 (SIGIO) received
2023/07/18 08:44:50 [notice] 1#1: signal 17 (SIGCHLD) received from 22
2023/07/18 08:44:50 [notice] 1#1: signal 17 (SIGCHLD) received from 24
2023/07/18 08:44:50 [notice] 1#1: worker process 24 exited with code 0
2023/07/18 08:44:50 [notice] 1#1: signal 29 (SIGIO) received
2023/07/18 08:44:50 [notice] 1#1: signal 17 (SIGCHLD) received from 25
2023/07/18 08:44:50 [notice] 1#1: worker process 25 exited with code 0
2023/07/18 08:44:50 [notice] 1#1: signal 29 (SIGIO) received
2023/07/18 08:44:50 [notice] 1#1: signal 17 (SIGCHLD) received from 23
2023/07/18 08:44:50 [notice] 1#1: worker process 23 exited with code 0
2023/07/18 08:44:50 [notice] 1#1: exit
2023/07/18 08:44:53 [notice] 1#1: using the "epoll" event method
2023/07/18 08:44:53 [notice] 1#1: nginx/1.21.3
2023/07/18 08:44:53 [notice] 1#1: built by gcc 8.3.0 (Debian 8.3.0-6) 
2023/07/18 08:44:53 [notice] 1#1: OS: Linux 5.15.49-linuxkit-pr
2023/07/18 08:44:53 [notice] 1#1: getrlimit(RLIMIT_NOFILE): 1048576:1048576
2023/07/18 08:44:53 [notice] 1#1: start worker processes
2023/07/18 08:44:53 [notice] 1#1: start worker process 22
2023/07/18 08:44:53 [notice] 1#1: start worker process 23
2023/07/18 08:44:53 [notice] 1#1: start worker process 24
2023/07/18 08:44:53 [notice] 1#1: start worker process 25
2023/07/18 08:44:53 [notice] 1#1: start worker process 26
2023/07/18 10:56:58 [notice] 1#1: signal 3 (SIGQUIT) received, shutting down
2023/07/18 10:56:58 [notice] 23#23: gracefully shutting down
2023/07/18 10:56:58 [notice] 23#23: exiting
2023/07/18 10:56:58 [notice] 22#22: gracefully shutting down
2023/07/18 10:56:58 [notice] 22#22: exiting
2023/07/18 10:56:58 [notice] 26#26: gracefully shutting down
2023/07/18 10:56:58 [notice] 24#24: gracefully shutting down
2023/07/18 10:56:58 [notice] 24#24: exiting
2023/07/18 10:56:58 [notice] 25#25: gracefully shutting down
2023/07/18 10:56:58 [notice] 23#23: exit
2023/07/18 10:56:58 [notice] 22#22: exit
2023/07/18 10:56:58 [notice] 26#26: exiting
2023/07/18 10:56:58 [notice] 26#26: exit
2023/07/18 10:56:58 [notice] 24#24: exit
2023/07/18 10:56:58 [notice] 25#25: exiting
2023/07/18 10:56:58 [notice] 25#25: exit
2023/07/18 10:56:58 [notice] 1#1: signal 17 (SIGCHLD) received from 22
2023/07/18 10:56:58 [notice] 1#1: worker process 22 exited with code 0
2023/07/18 10:56:58 [notice] 1#1: signal 29 (SIGIO) received
2023/07/18 10:56:58 [notice] 1#1: signal 17 (SIGCHLD) received from 25
2023/07/18 10:56:58 [notice] 1#1: worker process 23 exited with code 0
2023/07/18 10:56:58 [notice] 1#1: worker process 25 exited with code 0
2023/07/18 10:56:58 [notice] 1#1: worker process 26 exited with code 0
2023/07/18 10:56:58 [notice] 1#1: signal 29 (SIGIO) received
2023/07/18 10:56:58 [notice] 1#1: signal 17 (SIGCHLD) received from 26
2023/07/18 10:56:58 [notice] 1#1: signal 17 (SIGCHLD) received from 24
2023/07/18 10:56:58 [notice] 1#1: worker process 24 exited with code 0
2023/07/18 10:56:58 [notice] 1#1: exit
2023/07/18 10:57:03 [notice] 1#1: using the "epoll" event method
2023/07/18 10:57:03 [notice] 1#1: nginx/1.21.3
2023/07/18 10:57:03 [notice] 1#1: built by gcc 8.3.0 (Debian 8.3.0-6) 
2023/07/18 10:57:03 [notice] 1#1: OS: Linux 5.15.49-linuxkit-pr
2023/07/18 10:57:03 [notice] 1#1: getrlimit(RLIMIT_NOFILE): 1048576:1048576
2023/07/18 10:57:03 [notice] 1#1: start worker processes
2023/07/18 10:57:03 [notice] 1#1: start worker process 22
2023/07/18 10:57:03 [notice] 1#1: start worker process 23
2023/07/18 10:57:03 [notice] 1#1: start worker process 24
2023/07/18 10:57:03 [notice] 1#1: start worker process 25
2023/07/18 10:57:03 [notice] 1#1: start worker process 26
2023/07/18 10:57:48 [notice] 1#1: signal 3 (SIGQUIT) received, shutting down
2023/07/18 10:57:48 [notice] 23#23: gracefully shutting down
2023/07/18 10:57:48 [notice] 25#25: gracefully shutting down
2023/07/18 10:57:48 [notice] 25#25: exiting
2023/07/18 10:57:48 [notice] 22#22: gracefully shutting down
2023/07/18 10:57:48 [notice] 22#22: exiting
2023/07/18 10:57:48 [notice] 24#24: gracefully shutting down
2023/07/18 10:57:48 [notice] 24#24: exiting
2023/07/18 10:57:48 [notice] 26#26: gracefully shutting down
2023/07/18 10:57:48 [notice] 23#23: exiting
2023/07/18 10:57:48 [notice] 23#23: exit
2023/07/18 10:57:48 [notice] 25#25: exit
2023/07/18 10:57:48 [notice] 22#22: exit
2023/07/18 10:57:48 [notice] 24#24: exit
2023/07/18 10:57:48 [notice] 26#26: exiting
2023/07/18 10:57:48 [notice] 26#26: exit
2023/07/18 10:57:48 [notice] 1#1: signal 17 (SIGCHLD) received from 25
2023/07/18 10:57:48 [notice] 1#1: worker process 23 exited with code 0
2023/07/18 10:57:48 [notice] 1#1: worker process 25 exited with code 0
2023/07/18 10:57:48 [notice] 1#1: signal 29 (SIGIO) received
2023/07/18 10:57:48 [notice] 1#1: signal 17 (SIGCHLD) received from 23
2023/07/18 10:57:48 [notice] 1#1: signal 17 (SIGCHLD) received from 24
2023/07/18 10:57:48 [notice] 1#1: worker process 22 exited with code 0
2023/07/18 10:57:48 [notice] 1#1: worker process 24 exited with code 0
2023/07/18 10:57:48 [notice] 1#1: signal 29 (SIGIO) received
2023/07/18 10:57:48 [notice] 1#1: signal 17 (SIGCHLD) received from 22
2023/07/18 10:57:48 [notice] 1#1: signal 17 (SIGCHLD) received from 26
2023/07/18 10:57:48 [notice] 1#1: worker process 26 exited with code 0
2023/07/18 10:57:48 [notice] 1#1: exit
2023/07/18 10:57:52 [notice] 1#1: using the "epoll" event method
2023/07/18 10:57:52 [notice] 1#1: nginx/1.21.3
2023/07/18 10:57:52 [notice] 1#1: built by gcc 8.3.0 (Debian 8.3.0-6) 
2023/07/18 10:57:52 [notice] 1#1: OS: Linux 5.15.49-linuxkit-pr
2023/07/18 10:57:52 [notice] 1#1: getrlimit(RLIMIT_NOFILE): 1048576:1048576
2023/07/18 10:57:52 [notice] 1#1: start worker processes
2023/07/18 10:57:52 [notice] 1#1: start worker process 22
2023/07/18 10:57:52 [notice] 1#1: start worker process 23
2023/07/18 10:57:52 [notice] 1#1: start worker process 24
2023/07/18 10:57:52 [notice] 1#1: start worker process 25
2023/07/18 10:57:52 [notice] 1#1: start worker process 26
2023/07/18 11:08:14 [notice] 1#1: signal 3 (SIGQUIT) received, shutting down
2023/07/18 11:08:14 [notice] 22#22: gracefully shutting down
2023/07/18 11:08:14 [notice] 22#22: exiting
2023/07/18 11:08:14 [notice] 24#24: gracefully shutting down
2023/07/18 11:08:14 [notice] 24#24: exiting
2023/07/18 11:08:14 [notice] 23#23: gracefully shutting down
2023/07/18 11:08:14 [notice] 23#23: exiting
2023/07/18 11:08:14 [notice] 23#23: exit
2023/07/18 11:08:14 [notice] 25#25: gracefully shutting down
2023/07/18 11:08:14 [notice] 26#26: gracefully shutting down
2023/07/18 11:08:14 [notice] 22#22: exit
2023/07/18 11:08:14 [notice] 24#24: exit
2023/07/18 11:08:14 [notice] 25#25: exiting
2023/07/18 11:08:14 [notice] 25#25: exit
2023/07/18 11:08:14 [notice] 26#26: exiting
2023/07/18 11:08:14 [notice] 26#26: exit
2023/07/18 11:08:14 [notice] 1#1: signal 17 (SIGCHLD) received from 23
2023/07/18 11:08:14 [notice] 1#1: worker process 23 exited with code 0
2023/07/18 11:08:14 [notice] 1#1: signal 29 (SIGIO) received
2023/07/18 11:08:14 [notice] 1#1: signal 17 (SIGCHLD) received from 22
2023/07/18 11:08:14 [notice] 1#1: worker process 22 exited with code 0
2023/07/18 11:08:14 [notice] 1#1: signal 29 (SIGIO) received
2023/07/18 11:08:14 [notice] 1#1: signal 17 (SIGCHLD) received from 24
2023/07/18 11:08:14 [notice] 1#1: worker process 24 exited with code 0
2023/07/18 11:08:14 [notice] 1#1: worker process 26 exited with code 0
2023/07/18 11:08:14 [notice] 1#1: signal 29 (SIGIO) received
2023/07/18 11:08:14 [notice] 1#1: signal 17 (SIGCHLD) received from 26
2023/07/18 11:08:14 [notice] 1#1: signal 17 (SIGCHLD) received from 25
2023/07/18 11:08:14 [notice] 1#1: worker process 25 exited with code 0
2023/07/18 11:08:14 [notice] 1#1: exit
2023/07/18 11:08:15 [notice] 1#1: using the "epoll" event method
2023/07/18 11:08:15 [notice] 1#1: nginx/1.21.3
2023/07/18 11:08:15 [notice] 1#1: built by gcc 8.3.0 (Debian 8.3.0-6) 
2023/07/18 11:08:15 [notice] 1#1: OS: Linux 5.15.49-linuxkit-pr
2023/07/18 11:08:15 [notice] 1#1: getrlimit(RLIMIT_NOFILE): 1048576:1048576
2023/07/18 11:08:15 [notice] 1#1: start worker processes
2023/07/18 11:08:15 [notice] 1#1: start worker process 22
2023/07/18 11:08:15 [notice] 1#1: start worker process 23
2023/07/18 11:08:15 [notice] 1#1: start worker process 24
2023/07/18 11:08:15 [notice] 1#1: start worker process 25
2023/07/18 11:08:15 [notice] 1#1: start worker process 26
2023/07/18 11:12:36 [notice] 1#1: signal 3 (SIGQUIT) received, shutting down
2023/07/18 11:12:36 [notice] 22#22: gracefully shutting down
2023/07/18 11:12:36 [notice] 24#24: gracefully shutting down
2023/07/18 11:12:36 [notice] 24#24: exiting
2023/07/18 11:12:36 [notice] 26#26: gracefully shutting down
2023/07/18 11:12:36 [notice] 23#23: gracefully shutting down
2023/07/18 11:12:36 [notice] 23#23: exiting
2023/07/18 11:12:36 [notice] 25#25: gracefully shutting down
2023/07/18 11:12:36 [notice] 22#22: exiting
2023/07/18 11:12:36 [notice] 24#24: exit
2023/07/18 11:12:36 [notice] 26#26: exiting
2023/07/18 11:12:36 [notice] 23#23: exit
2023/07/18 11:12:36 [notice] 25#25: exiting
2023/07/18 11:12:36 [notice] 22#22: exit
2023/07/18 11:12:36 [notice] 26#26: exit
2023/07/18 11:12:36 [notice] 25#25: exit
2023/07/18 11:12:36 [notice] 1#1: signal 17 (SIGCHLD) received from 24
2023/07/18 11:12:36 [notice] 1#1: worker process 24 exited with code 0
2023/07/18 11:12:36 [notice] 1#1: signal 29 (SIGIO) received
2023/07/18 11:12:36 [notice] 1#1: signal 17 (SIGCHLD) received from 23
2023/07/18 11:12:36 [notice] 1#1: worker process 23 exited with code 0
2023/07/18 11:12:36 [notice] 1#1: signal 29 (SIGIO) received
2023/07/18 11:12:36 [notice] 1#1: signal 17 (SIGCHLD) received from 22
2023/07/18 11:12:36 [notice] 1#1: worker process 22 exited with code 0
2023/07/18 11:12:36 [notice] 1#1: signal 29 (SIGIO) received
2023/07/18 11:12:36 [notice] 1#1: signal 17 (SIGCHLD) received from 26
2023/07/18 11:12:36 [notice] 1#1: worker process 25 exited with code 0
2023/07/18 11:12:36 [notice] 1#1: worker process 26 exited with code 0
2023/07/18 11:12:36 [notice] 1#1: exit
2023/07/18 11:12:37 [notice] 1#1: using the "epoll" event method
2023/07/18 11:12:37 [notice] 1#1: nginx/1.21.3
2023/07/18 11:12:37 [notice] 1#1: built by gcc 8.3.0 (Debian 8.3.0-6) 
2023/07/18 11:12:37 [notice] 1#1: OS: Linux 5.15.49-linuxkit-pr
2023/07/18 11:12:37 [notice] 1#1: getrlimit(RLIMIT_NOFILE): 1048576:1048576
2023/07/18 11:12:37 [notice] 1#1: start worker processes
2023/07/18 11:12:37 [notice] 1#1: start worker process 22
2023/07/18 11:12:37 [notice] 1#1: start worker process 23
2023/07/18 11:12:37 [notice] 1#1: start worker process 24
2023/07/18 11:12:37 [notice] 1#1: start worker process 25
2023/07/18 11:12:37 [notice] 1#1: start worker process 26
2023/07/18 11:12:47 [notice] 1#1: signal 3 (SIGQUIT) received, shutting down
2023/07/18 11:12:47 [notice] 25#25: gracefully shutting down
2023/07/18 11:12:47 [notice] 26#26: gracefully shutting down
2023/07/18 11:12:47 [notice] 23#23: gracefully shutting down
2023/07/18 11:12:47 [notice] 23#23: exiting
2023/07/18 11:12:47 [notice] 24#24: gracefully shutting down
2023/07/18 11:12:47 [notice] 24#24: exiting
2023/07/18 11:12:47 [notice] 22#22: gracefully shutting down
2023/07/18 11:12:47 [notice] 25#25: exiting
2023/07/18 11:12:47 [notice] 25#25: exit
2023/07/18 11:12:47 [notice] 26#26: exiting
2023/07/18 11:12:47 [notice] 23#23: exit
2023/07/18 11:12:47 [notice] 24#24: exit
2023/07/18 11:12:47 [notice] 22#22: exiting
2023/07/18 11:12:47 [notice] 26#26: exit
2023/07/18 11:12:47 [notice] 22#22: exit
2023/07/18 11:12:47 [notice] 1#1: signal 17 (SIGCHLD) received from 25
2023/07/18 11:12:47 [notice] 1#1: worker process 25 exited with code 0
2023/07/18 11:12:47 [notice] 1#1: signal 29 (SIGIO) received
2023/07/18 11:12:47 [notice] 1#1: signal 17 (SIGCHLD) received from 23
2023/07/18 11:12:47 [notice] 1#1: worker process 23 exited with code 0
2023/07/18 11:12:47 [notice] 1#1: signal 29 (SIGIO) received
2023/07/18 11:12:47 [notice] 1#1: signal 17 (SIGCHLD) received from 24
2023/07/18 11:12:47 [notice] 1#1: worker process 24 exited with code 0
2023/07/18 11:12:47 [notice] 1#1: signal 29 (SIGIO) received
2023/07/18 11:12:47 [notice] 1#1: signal 17 (SIGCHLD) received from 22
2023/07/18 11:12:47 [notice] 1#1: worker process 22 exited with code 0
2023/07/18 11:12:47 [notice] 1#1: worker process 26 exited with code 0
2023/07/18 11:12:47 [notice] 1#1: exit
2023/07/18 11:12:51 [emerg] 1#1: host not found in upstream "prometheus" in /etc/nginx/conf.d/www.example.com.conf:26
2023/07/18 11:12:52 [notice] 1#1: using the "epoll" event method
2023/07/18 11:12:52 [notice] 1#1: nginx/1.21.3
2023/07/18 11:12:52 [notice] 1#1: built by gcc 8.3.0 (Debian 8.3.0-6) 
2023/07/18 11:12:52 [notice] 1#1: OS: Linux 5.15.49-linuxkit-pr
2023/07/18 11:12:52 [notice] 1#1: getrlimit(RLIMIT_NOFILE): 1048576:1048576
2023/07/18 11:12:52 [notice] 1#1: start worker processes
2023/07/18 11:12:52 [notice] 1#1: start worker process 21
2023/07/18 11:12:52 [notice] 1#1: start worker process 22
2023/07/18 11:12:52 [notice] 1#1: start worker process 23
2023/07/18 11:12:52 [notice] 1#1: start worker process 24
2023/07/18 11:12:52 [notice] 1#1: start worker process 25
2023/07/18 11:20:57 [notice] 1#1: signal 3 (SIGQUIT) received, shutting down
2023/07/18 11:20:57 [notice] 22#22: gracefully shutting down
2023/07/18 11:20:57 [notice] 22#22: exiting
2023/07/18 11:20:57 [notice] 21#21: gracefully shutting down
2023/07/18 11:20:57 [notice] 21#21: exiting
2023/07/18 11:20:57 [notice] 23#23: gracefully shutting down
2023/07/18 11:20:57 [notice] 23#23: exiting
2023/07/18 11:20:57 [notice] 25#25: gracefully shutting down
2023/07/18 11:20:57 [notice] 24#24: gracefully shutting down
2023/07/18 11:20:57 [notice] 24#24: exiting
2023/07/18 11:20:57 [notice] 22#22: exit
2023/07/18 11:20:57 [notice] 21#21: exit
2023/07/18 11:20:57 [notice] 23#23: exit
2023/07/18 11:20:57 [notice] 25#25: exiting
2023/07/18 11:20:57 [notice] 25#25: exit
2023/07/18 11:20:57 [notice] 24#24: exit
2023/07/18 11:20:57 [notice] 1#1: signal 17 (SIGCHLD) received from 23
2023/07/18 11:20:57 [notice] 1#1: worker process 21 exited with code 0
2023/07/18 11:20:57 [notice] 1#1: worker process 22 exited with code 0
2023/07/18 11:20:57 [notice] 1#1: worker process 23 exited with code 0
2023/07/18 11:20:57 [notice] 1#1: signal 29 (SIGIO) received
2023/07/18 11:20:57 [notice] 1#1: signal 17 (SIGCHLD) received from 21
2023/07/18 11:20:57 [notice] 1#1: signal 17 (SIGCHLD) received from 25
2023/07/18 11:20:57 [notice] 1#1: worker process 25 exited with code 0
2023/07/18 11:20:57 [notice] 1#1: signal 29 (SIGIO) received
2023/07/18 11:20:57 [notice] 1#1: signal 17 (SIGCHLD) received from 24
2023/07/18 11:20:57 [notice] 1#1: worker process 24 exited with code 0
2023/07/18 11:20:57 [notice] 1#1: exit
2023/07/18 11:21:06 [notice] 1#1: using the "epoll" event method
2023/07/18 11:21:06 [notice] 1#1: nginx/1.21.3
2023/07/18 11:21:06 [notice] 1#1: built by gcc 8.3.0 (Debian 8.3.0-6) 
2023/07/18 11:21:06 [notice] 1#1: OS: Linux 5.15.49-linuxkit-pr
2023/07/18 11:21:06 [notice] 1#1: getrlimit(RLIMIT_NOFILE): 1048576:1048576
2023/07/18 11:21:06 [notice] 1#1: start worker processes
2023/07/18 11:21:06 [notice] 1#1: start worker process 22
2023/07/18 11:21:06 [notice] 1#1: start worker process 23
2023/07/18 11:21:06 [notice] 1#1: start worker process 24
2023/07/18 11:21:06 [notice] 1#1: start worker process 25
2023/07/18 11:21:06 [notice] 1#1: start worker process 26
2023/07/18 11:22:00 [notice] 1#1: signal 3 (SIGQUIT) received, shutting down
2023/07/18 11:22:00 [notice] 24#24: gracefully shutting down
2023/07/18 11:22:00 [notice] 23#23: gracefully shutting down
2023/07/18 11:22:00 [notice] 23#23: exiting
2023/07/18 11:22:00 [notice] 25#25: gracefully shutting down
2023/07/18 11:22:00 [notice] 22#22: gracefully shutting down
2023/07/18 11:22:00 [notice] 22#22: exiting
2023/07/18 11:22:00 [notice] 24#24: exiting
2023/07/18 11:22:00 [notice] 24#24: exit
2023/07/18 11:22:00 [notice] 26#26: gracefully shutting down
2023/07/18 11:22:00 [notice] 23#23: exit
2023/07/18 11:22:00 [notice] 25#25: exiting
2023/07/18 11:22:00 [notice] 22#22: exit
2023/07/18 11:22:00 [notice] 26#26: exiting
2023/07/18 11:22:00 [notice] 26#26: exit
2023/07/18 11:22:00 [notice] 25#25: exit
2023/07/18 11:22:00 [notice] 1#1: signal 17 (SIGCHLD) received from 23
2023/07/18 11:22:00 [notice] 1#1: worker process 23 exited with code 0
2023/07/18 11:22:00 [notice] 1#1: worker process 24 exited with code 0
2023/07/18 11:22:00 [notice] 1#1: signal 29 (SIGIO) received
2023/07/18 11:22:00 [notice] 1#1: signal 17 (SIGCHLD) received from 24
2023/07/18 11:22:00 [notice] 1#1: signal 17 (SIGCHLD) received from 22
2023/07/18 11:22:00 [notice] 1#1: worker process 22 exited with code 0
2023/07/18 11:22:00 [notice] 1#1: worker process 25 exited with code 0
2023/07/18 11:22:00 [notice] 1#1: worker process 26 exited with code 0
2023/07/18 11:22:00 [notice] 1#1: exit
2023/07/18 11:22:03 [notice] 1#1: using the "epoll" event method
2023/07/18 11:22:03 [notice] 1#1: nginx/1.21.3
2023/07/18 11:22:03 [notice] 1#1: built by gcc 8.3.0 (Debian 8.3.0-6) 
2023/07/18 11:22:03 [notice] 1#1: OS: Linux 5.15.49-linuxkit-pr
2023/07/18 11:22:03 [notice] 1#1: getrlimit(RLIMIT_NOFILE): 1048576:1048576
2023/07/18 11:22:03 [notice] 1#1: start worker processes
2023/07/18 11:22:03 [notice] 1#1: start worker process 21
2023/07/18 11:22:03 [notice] 1#1: start worker process 22
2023/07/18 11:22:03 [notice] 1#1: start worker process 23
2023/07/18 11:22:03 [notice] 1#1: start worker process 24
2023/07/18 11:22:03 [notice] 1#1: start worker process 25
2023/07/18 11:25:35 [notice] 1#1: signal 3 (SIGQUIT) received, shutting down
2023/07/18 11:25:35 [notice] 22#22: gracefully shutting down
2023/07/18 11:25:35 [notice] 24#24: gracefully shutting down
2023/07/18 11:25:35 [notice] 24#24: exiting
2023/07/18 11:25:35 [notice] 25#25: gracefully shutting down
2023/07/18 11:25:35 [notice] 25#25: exiting
2023/07/18 11:25:35 [notice] 23#23: gracefully shutting down
2023/07/18 11:25:35 [notice] 23#23: exiting
2023/07/18 11:25:35 [notice] 21#21: gracefully shutting down
2023/07/18 11:25:35 [notice] 22#22: exiting
2023/07/18 11:25:35 [notice] 22#22: exit
2023/07/18 11:25:35 [notice] 24#24: exit
2023/07/18 11:25:35 [notice] 25#25: exit
2023/07/18 11:25:35 [notice] 23#23: exit
2023/07/18 11:25:35 [notice] 21#21: exiting
2023/07/18 11:25:35 [notice] 21#21: exit
2023/07/18 11:25:35 [notice] 1#1: signal 17 (SIGCHLD) received from 22
2023/07/18 11:25:35 [notice] 1#1: worker process 22 exited with code 0
2023/07/18 11:25:35 [notice] 1#1: worker process 24 exited with code 0
2023/07/18 11:25:35 [notice] 1#1: worker process 25 exited with code 0
2023/07/18 11:25:35 [notice] 1#1: worker process 23 exited with code 0
2023/07/18 11:25:35 [notice] 1#1: signal 29 (SIGIO) received
2023/07/18 11:25:35 [notice] 1#1: signal 17 (SIGCHLD) received from 24
2023/07/18 11:25:35 [notice] 1#1: signal 17 (SIGCHLD) received from 21
2023/07/18 11:25:35 [notice] 1#1: worker process 21 exited with code 0
2023/07/18 11:25:35 [notice] 1#1: exit
2023/07/18 11:25:40 [notice] 1#1: using the "epoll" event method
2023/07/18 11:25:40 [notice] 1#1: nginx/1.21.3
2023/07/18 11:25:40 [notice] 1#1: built by gcc 8.3.0 (Debian 8.3.0-6) 
2023/07/18 11:25:40 [notice] 1#1: OS: Linux 5.15.49-linuxkit-pr
2023/07/18 11:25:40 [notice] 1#1: getrlimit(RLIMIT_NOFILE): 1048576:1048576
2023/07/18 11:25:40 [notice] 1#1: start worker processes
2023/07/18 11:25:40 [notice] 1#1: start worker process 22
2023/07/18 11:25:40 [notice] 1#1: start worker process 23
2023/07/18 11:25:40 [notice] 1#1: start worker process 24
2023/07/18 11:25:40 [notice] 1#1: start worker process 25
2023/07/18 11:25:40 [notice] 1#1: start worker process 26
2023/07/18 11:26:37 [notice] 1#1: signal 3 (SIGQUIT) received, shutting down
2023/07/18 11:26:37 [notice] 24#24: gracefully shutting down
2023/07/18 11:26:37 [notice] 24#24: exiting
2023/07/18 11:26:37 [notice] 22#22: gracefully shutting down
2023/07/18 11:26:37 [notice] 22#22: exiting
2023/07/18 11:26:37 [notice] 25#25: gracefully shutting down
2023/07/18 11:26:37 [notice] 25#25: exiting
2023/07/18 11:26:37 [notice] 23#23: gracefully shutting down
2023/07/18 11:26:37 [notice] 26#26: gracefully shutting down
2023/07/18 11:26:37 [notice] 24#24: exit
2023/07/18 11:26:37 [notice] 22#22: exit
2023/07/18 11:26:37 [notice] 25#25: exit
2023/07/18 11:26:37 [notice] 23#23: exiting
2023/07/18 11:26:37 [notice] 23#23: exit
2023/07/18 11:26:37 [notice] 26#26: exiting
2023/07/18 11:26:37 [notice] 26#26: exit
2023/07/18 11:26:37 [notice] 1#1: signal 17 (SIGCHLD) received from 22
2023/07/18 11:26:37 [notice] 1#1: worker process 22 exited with code 0
2023/07/18 11:26:37 [notice] 1#1: worker process 24 exited with code 0
2023/07/18 11:26:37 [notice] 1#1: worker process 25 exited with code 0
2023/07/18 11:26:37 [notice] 1#1: signal 29 (SIGIO) received
2023/07/18 11:26:37 [notice] 1#1: signal 17 (SIGCHLD) received from 25
2023/07/18 11:26:37 [notice] 1#1: signal 17 (SIGCHLD) received from 23
2023/07/18 11:26:37 [notice] 1#1: worker process 23 exited with code 0
2023/07/18 11:26:37 [notice] 1#1: worker process 26 exited with code 0
2023/07/18 11:26:37 [notice] 1#1: exit
2023/07/18 11:26:41 [emerg] 1#1: host not found in upstream "grafana" in /etc/nginx/conf.d/www.example.com.conf:15
2023/07/18 11:26:43 [notice] 1#1: using the "epoll" event method
2023/07/18 11:26:43 [notice] 1#1: nginx/1.21.3
2023/07/18 11:26:43 [notice] 1#1: built by gcc 8.3.0 (Debian 8.3.0-6) 
2023/07/18 11:26:43 [notice] 1#1: OS: Linux 5.15.49-linuxkit-pr
2023/07/18 11:26:43 [notice] 1#1: getrlimit(RLIMIT_NOFILE): 1048576:1048576
2023/07/18 11:26:43 [notice] 1#1: start worker processes
2023/07/18 11:26:43 [notice] 1#1: start worker process 22
2023/07/18 11:26:43 [notice] 1#1: start worker process 23
2023/07/18 11:26:43 [notice] 1#1: start worker process 24
2023/07/18 11:26:43 [notice] 1#1: start worker process 25
2023/07/18 11:26:43 [notice] 1#1: start worker process 26
2023/07/18 11:28:54 [notice] 1#1: signal 3 (SIGQUIT) received, shutting down
2023/07/18 11:28:54 [notice] 23#23: gracefully shutting down
2023/07/18 11:28:54 [notice] 25#25: gracefully shutting down
2023/07/18 11:28:54 [notice] 25#25: exiting
2023/07/18 11:28:54 [notice] 22#22: gracefully shutting down
2023/07/18 11:28:54 [notice] 23#23: exiting
2023/07/18 11:28:54 [notice] 23#23: exit
2023/07/18 11:28:54 [notice] 24#24: gracefully shutting down
2023/07/18 11:28:54 [notice] 24#24: exiting
2023/07/18 11:28:54 [notice] 26#26: gracefully shutting down
2023/07/18 11:28:54 [notice] 26#26: exiting
2023/07/18 11:28:54 [notice] 25#25: exit
2023/07/18 11:28:54 [notice] 22#22: exiting
2023/07/18 11:28:54 [notice] 22#22: exit
2023/07/18 11:28:54 [notice] 24#24: exit
2023/07/18 11:28:54 [notice] 26#26: exit
2023/07/18 11:28:54 [notice] 1#1: signal 17 (SIGCHLD) received from 23
2023/07/18 11:28:54 [notice] 1#1: worker process 23 exited with code 0
2023/07/18 11:28:54 [notice] 1#1: worker process 25 exited with code 0
2023/07/18 11:28:54 [notice] 1#1: signal 29 (SIGIO) received
2023/07/18 11:28:54 [notice] 1#1: signal 17 (SIGCHLD) received from 25
2023/07/18 11:28:54 [notice] 1#1: signal 17 (SIGCHLD) received from 22
2023/07/18 11:28:54 [notice] 1#1: worker process 22 exited with code 0
2023/07/18 11:28:54 [notice] 1#1: signal 29 (SIGIO) received
2023/07/18 11:28:54 [notice] 1#1: signal 17 (SIGCHLD) received from 24
2023/07/18 11:28:54 [notice] 1#1: worker process 24 exited with code 0
2023/07/18 11:28:54 [notice] 1#1: signal 29 (SIGIO) received
2023/07/18 11:28:54 [notice] 1#1: signal 17 (SIGCHLD) received from 26
2023/07/18 11:28:54 [notice] 1#1: worker process 26 exited with code 0
2023/07/18 11:28:54 [notice] 1#1: exit
2023/07/18 11:28:58 [notice] 1#1: using the "epoll" event method
2023/07/18 11:28:58 [notice] 1#1: nginx/1.21.3
2023/07/18 11:28:58 [notice] 1#1: built by gcc 8.3.0 (Debian 8.3.0-6) 
2023/07/18 11:28:58 [notice] 1#1: OS: Linux 5.15.49-linuxkit-pr
2023/07/18 11:28:58 [notice] 1#1: getrlimit(RLIMIT_NOFILE): 1048576:1048576
2023/07/18 11:28:58 [notice] 1#1: start worker processes
2023/07/18 11:28:58 [notice] 1#1: start worker process 22
2023/07/18 11:28:58 [notice] 1#1: start worker process 23
2023/07/18 11:28:58 [notice] 1#1: start worker process 24
2023/07/18 11:28:58 [notice] 1#1: start worker process 25
2023/07/18 11:28:58 [notice] 1#1: start worker process 26
2023/07/18 11:31:09 [notice] 1#1: signal 3 (SIGQUIT) received, shutting down
2023/07/18 11:31:09 [notice] 23#23: gracefully shutting down
2023/07/18 11:31:09 [notice] 24#24: gracefully shutting down
2023/07/18 11:31:09 [notice] 24#24: exiting
2023/07/18 11:31:09 [notice] 25#25: gracefully shutting down
2023/07/18 11:31:09 [notice] 25#25: exiting
2023/07/18 11:31:09 [notice] 26#26: gracefully shutting down
2023/07/18 11:31:09 [notice] 23#23: exiting
2023/07/18 11:31:09 [notice] 22#22: gracefully shutting down
2023/07/18 11:31:09 [notice] 22#22: exiting
2023/07/18 11:31:09 [notice] 24#24: exit
2023/07/18 11:31:09 [notice] 25#25: exit
2023/07/18 11:31:09 [notice] 26#26: exiting
2023/07/18 11:31:09 [notice] 23#23: exit
2023/07/18 11:31:09 [notice] 22#22: exit
2023/07/18 11:31:09 [notice] 26#26: exit
2023/07/18 11:31:09 [notice] 1#1: signal 17 (SIGCHLD) received from 24
2023/07/18 11:31:09 [notice] 1#1: worker process 24 exited with code 0
2023/07/18 11:31:09 [notice] 1#1: signal 29 (SIGIO) received
2023/07/18 11:31:09 [notice] 1#1: signal 17 (SIGCHLD) received from 23
2023/07/18 11:31:09 [notice] 1#1: worker process 22 exited with code 0
2023/07/18 11:31:09 [notice] 1#1: worker process 23 exited with code 0
2023/07/18 11:31:09 [notice] 1#1: worker process 25 exited with code 0
2023/07/18 11:31:09 [notice] 1#1: worker process 26 exited with code 0
2023/07/18 11:31:09 [notice] 1#1: exit
2023/07/18 11:31:12 [emerg] 1#1: host not found in upstream "grafana" in /etc/nginx/conf.d/www.example.com.conf:15
2023/07/18 11:31:13 [notice] 1#1: using the "epoll" event method
2023/07/18 11:31:13 [notice] 1#1: nginx/1.21.3
2023/07/18 11:31:13 [notice] 1#1: built by gcc 8.3.0 (Debian 8.3.0-6) 
2023/07/18 11:31:13 [notice] 1#1: OS: Linux 5.15.49-linuxkit-pr
2023/07/18 11:31:13 [notice] 1#1: getrlimit(RLIMIT_NOFILE): 1048576:1048576
2023/07/18 11:31:13 [notice] 1#1: start worker processes
2023/07/18 11:31:13 [notice] 1#1: start worker process 22
2023/07/18 11:31:13 [notice] 1#1: start worker process 23
2023/07/18 11:31:13 [notice] 1#1: start worker process 24
2023/07/18 11:31:13 [notice] 1#1: start worker process 25
2023/07/18 11:31:13 [notice] 1#1: start worker process 26
2023/07/18 11:39:02 [notice] 1#1: signal 3 (SIGQUIT) received, shutting down
2023/07/18 11:39:02 [notice] 23#23: gracefully shutting down
2023/07/18 11:39:02 [notice] 23#23: exiting
2023/07/18 11:39:02 [notice] 25#25: gracefully shutting down
2023/07/18 11:39:02 [notice] 22#22: gracefully shutting down
2023/07/18 11:39:02 [notice] 24#24: gracefully shutting down
2023/07/18 11:39:02 [notice] 26#26: gracefully shutting down
2023/07/18 11:39:02 [notice] 23#23: exit
2023/07/18 11:39:02 [notice] 25#25: exiting
2023/07/18 11:39:02 [notice] 22#22: exiting
2023/07/18 11:39:02 [notice] 22#22: exit
2023/07/18 11:39:02 [notice] 24#24: exiting
2023/07/18 11:39:02 [notice] 24#24: exit
2023/07/18 11:39:02 [notice] 26#26: exiting
2023/07/18 11:39:02 [notice] 26#26: exit
2023/07/18 11:39:02 [notice] 25#25: exit
2023/07/18 11:39:02 [notice] 1#1: signal 17 (SIGCHLD) received from 23
2023/07/18 11:39:02 [notice] 1#1: worker process 22 exited with code 0
2023/07/18 11:39:02 [notice] 1#1: worker process 23 exited with code 0
2023/07/18 11:39:02 [notice] 1#1: worker process 24 exited with code 0
2023/07/18 11:39:02 [notice] 1#1: signal 29 (SIGIO) received
2023/07/18 11:39:02 [notice] 1#1: signal 17 (SIGCHLD) received from 22
2023/07/18 11:39:02 [notice] 1#1: signal 17 (SIGCHLD) received from 25
2023/07/18 11:39:02 [notice] 1#1: worker process 25 exited with code 0
2023/07/18 11:39:02 [notice] 1#1: worker process 26 exited with code 0
2023/07/18 11:39:02 [notice] 1#1: exit
2023/07/18 11:39:07 [notice] 1#1: using the "epoll" event method
2023/07/18 11:39:07 [notice] 1#1: nginx/1.21.3
2023/07/18 11:39:07 [notice] 1#1: built by gcc 8.3.0 (Debian 8.3.0-6) 
2023/07/18 11:39:07 [notice] 1#1: OS: Linux 5.15.49-linuxkit-pr
2023/07/18 11:39:07 [notice] 1#1: getrlimit(RLIMIT_NOFILE): 1048576:1048576
2023/07/18 11:39:07 [notice] 1#1: start worker processes
2023/07/18 11:39:07 [notice] 1#1: start worker process 22
2023/07/18 11:39:07 [notice] 1#1: start worker process 23
2023/07/18 11:39:07 [notice] 1#1: start worker process 24
2023/07/18 11:39:07 [notice] 1#1: start worker process 25
2023/07/18 11:39:07 [notice] 1#1: start worker process 26
2023/07/18 11:48:55 [notice] 1#1: signal 3 (SIGQUIT) received, shutting down
2023/07/18 11:48:55 [notice] 22#22: gracefully shutting down
2023/07/18 11:48:55 [notice] 23#23: gracefully shutting down
2023/07/18 11:48:55 [notice] 25#25: gracefully shutting down
2023/07/18 11:48:55 [notice] 26#26: gracefully shutting down
2023/07/18 11:48:55 [notice] 26#26: exiting
2023/07/18 11:48:55 [notice] 24#24: gracefully shutting down
2023/07/18 11:48:55 [notice] 22#22: exiting
2023/07/18 11:48:55 [notice] 23#23: exiting
2023/07/18 11:48:55 [notice] 25#25: exiting
2023/07/18 11:48:55 [notice] 26#26: exit
2023/07/18 11:48:55 [notice] 24#24: exiting
2023/07/18 11:48:55 [notice] 24#24: exit
2023/07/18 11:48:55 [notice] 22#22: exit
2023/07/18 11:48:55 [notice] 23#23: exit
2023/07/18 11:48:55 [notice] 25#25: exit
2023/07/18 11:48:55 [notice] 1#1: signal 17 (SIGCHLD) received from 23
2023/07/18 11:48:55 [notice] 1#1: worker process 23 exited with code 0
2023/07/18 11:48:55 [notice] 1#1: worker process 22 exited with code 0
2023/07/18 11:48:55 [notice] 1#1: worker process 24 exited with code 0
2023/07/18 11:48:55 [notice] 1#1: signal 29 (SIGIO) received
2023/07/18 11:48:55 [notice] 1#1: signal 17 (SIGCHLD) received from 22
2023/07/18 11:48:55 [notice] 1#1: signal 17 (SIGCHLD) received from 25
2023/07/18 11:48:55 [notice] 1#1: worker process 25 exited with code 0
2023/07/18 11:48:55 [notice] 1#1: worker process 26 exited with code 0
2023/07/18 11:48:55 [notice] 1#1: exit
2023/07/18 11:48:59 [notice] 1#1: using the "epoll" event method
2023/07/18 11:48:59 [notice] 1#1: nginx/1.21.3
2023/07/18 11:48:59 [notice] 1#1: built by gcc 8.3.0 (Debian 8.3.0-6) 
2023/07/18 11:48:59 [notice] 1#1: OS: Linux 5.15.49-linuxkit-pr
2023/07/18 11:48:59 [notice] 1#1: getrlimit(RLIMIT_NOFILE): 1048576:1048576
2023/07/18 11:48:59 [notice] 1#1: start worker processes
2023/07/18 11:48:59 [notice] 1#1: start worker process 22
2023/07/18 11:48:59 [notice] 1#1: start worker process 23
2023/07/18 11:48:59 [notice] 1#1: start worker process 24
2023/07/18 11:48:59 [notice] 1#1: start worker process 25
2023/07/18 11:48:59 [notice] 1#1: start worker process 26
2023/07/18 11:53:40 [notice] 1#1: signal 3 (SIGQUIT) received, shutting down
2023/07/18 11:53:40 [notice] 24#24: gracefully shutting down
2023/07/18 11:53:40 [notice] 24#24: exiting
2023/07/18 11:53:40 [notice] 26#26: gracefully shutting down
2023/07/18 11:53:40 [notice] 26#26: exiting
2023/07/18 11:53:40 [notice] 25#25: gracefully shutting down
2023/07/18 11:53:40 [notice] 23#23: gracefully shutting down
2023/07/18 11:53:40 [notice] 22#22: gracefully shutting down
2023/07/18 11:53:40 [notice] 24#24: exit
2023/07/18 11:53:40 [notice] 26#26: exit
2023/07/18 11:53:40 [notice] 25#25: exiting
2023/07/18 11:53:40 [notice] 25#25: exit
2023/07/18 11:53:40 [notice] 23#23: exiting
2023/07/18 11:53:40 [notice] 22#22: exiting
2023/07/18 11:53:40 [notice] 23#23: exit
2023/07/18 11:53:40 [notice] 22#22: exit
2023/07/18 11:53:40 [notice] 1#1: signal 17 (SIGCHLD) received from 26
2023/07/18 11:53:40 [notice] 1#1: worker process 25 exited with code 0
2023/07/18 11:53:40 [notice] 1#1: worker process 24 exited with code 0
2023/07/18 11:53:40 [notice] 1#1: worker process 26 exited with code 0
2023/07/18 11:53:40 [notice] 1#1: signal 29 (SIGIO) received
2023/07/18 11:53:40 [notice] 1#1: signal 17 (SIGCHLD) received from 25
2023/07/18 11:53:40 [notice] 1#1: worker process 23 exited with code 0
2023/07/18 11:53:40 [notice] 1#1: signal 29 (SIGIO) received
2023/07/18 11:53:40 [notice] 1#1: signal 17 (SIGCHLD) received from 22
2023/07/18 11:53:40 [notice] 1#1: worker process 22 exited with code 0
2023/07/18 11:53:40 [notice] 1#1: exit
2023/07/18 11:53:43 [emerg] 1#1: host not found in upstream "prometheus" in /etc/nginx/conf.d/www.example.com.conf:26
2023/07/18 11:53:44 [notice] 1#1: using the "epoll" event method
2023/07/18 11:53:44 [notice] 1#1: nginx/1.21.3
2023/07/18 11:53:44 [notice] 1#1: built by gcc 8.3.0 (Debian 8.3.0-6) 
2023/07/18 11:53:44 [notice] 1#1: OS: Linux 5.15.49-linuxkit-pr
2023/07/18 11:53:44 [notice] 1#1: getrlimit(RLIMIT_NOFILE): 1048576:1048576
2023/07/18 11:53:44 [notice] 1#1: start worker processes
2023/07/18 11:53:44 [notice] 1#1: start worker process 22
2023/07/18 11:53:44 [notice] 1#1: start worker process 23
2023/07/18 11:53:44 [notice] 1#1: start worker process 24
2023/07/18 11:53:44 [notice] 1#1: start worker process 25
2023/07/18 11:53:44 [notice] 1#1: start worker process 26
2023/07/18 12:02:07 [notice] 1#1: signal 3 (SIGQUIT) received, shutting down
2023/07/18 12:02:07 [notice] 24#24: gracefully shutting down
2023/07/18 12:02:07 [notice] 22#22: gracefully shutting down
2023/07/18 12:02:07 [notice] 25#25: gracefully shutting down
2023/07/18 12:02:07 [notice] 25#25: exiting
2023/07/18 12:02:07 [notice] 26#26: gracefully shutting down
2023/07/18 12:02:07 [notice] 23#23: gracefully shutting down
2023/07/18 12:02:07 [notice] 24#24: exiting
2023/07/18 12:02:07 [notice] 22#22: exiting
2023/07/18 12:02:07 [notice] 25#25: exit
2023/07/18 12:02:07 [notice] 26#26: exiting
2023/07/18 12:02:07 [notice] 26#26: exit
2023/07/18 12:02:07 [notice] 23#23: exiting
2023/07/18 12:02:07 [notice] 24#24: exit
2023/07/18 12:02:07 [notice] 22#22: exit
2023/07/18 12:02:07 [notice] 23#23: exit
2023/07/18 12:02:07 [notice] 1#1: signal 17 (SIGCHLD) received from 25
2023/07/18 12:02:07 [notice] 1#1: worker process 24 exited with code 0
2023/07/18 12:02:07 [notice] 1#1: worker process 25 exited with code 0
2023/07/18 12:02:07 [notice] 1#1: worker process 26 exited with code 0
2023/07/18 12:02:07 [notice] 1#1: signal 29 (SIGIO) received
2023/07/18 12:02:07 [notice] 1#1: signal 17 (SIGCHLD) received from 26
2023/07/18 12:02:07 [notice] 1#1: signal 17 (SIGCHLD) received from 23
2023/07/18 12:02:07 [notice] 1#1: worker process 22 exited with code 0
2023/07/18 12:02:07 [notice] 1#1: worker process 23 exited with code 0
2023/07/18 12:02:07 [notice] 1#1: exit
2023/07/18 12:02:13 [notice] 1#1: using the "epoll" event method
2023/07/18 12:02:13 [notice] 1#1: nginx/1.21.3
2023/07/18 12:02:13 [notice] 1#1: built by gcc 8.3.0 (Debian 8.3.0-6) 
2023/07/18 12:02:13 [notice] 1#1: OS: Linux 5.15.49-linuxkit-pr
2023/07/18 12:02:13 [notice] 1#1: getrlimit(RLIMIT_NOFILE): 1048576:1048576
2023/07/18 12:02:13 [notice] 1#1: start worker processes
2023/07/18 12:02:13 [notice] 1#1: start worker process 22
2023/07/18 12:02:13 [notice] 1#1: start worker process 23
2023/07/18 12:02:13 [notice] 1#1: start worker process 24
2023/07/18 12:02:13 [notice] 1#1: start worker process 25
2023/07/18 12:02:13 [notice] 1#1: start worker process 26
2023/07/18 12:09:58 [notice] 1#1: signal 3 (SIGQUIT) received, shutting down
2023/07/18 12:09:58 [notice] 22#22: gracefully shutting down
2023/07/18 12:09:58 [notice] 26#26: gracefully shutting down
2023/07/18 12:09:58 [notice] 23#23: gracefully shutting down
2023/07/18 12:09:58 [notice] 24#24: gracefully shutting down
2023/07/18 12:09:58 [notice] 25#25: gracefully shutting down
2023/07/18 12:09:58 [notice] 22#22: exiting
2023/07/18 12:09:58 [notice] 22#22: exit
2023/07/18 12:09:58 [notice] 26#26: exiting
2023/07/18 12:09:58 [notice] 23#23: exiting
2023/07/18 12:09:58 [notice] 24#24: exiting
2023/07/18 12:09:58 [notice] 24#24: exit
2023/07/18 12:09:58 [notice] 25#25: exiting
2023/07/18 12:09:58 [notice] 25#25: exit
2023/07/18 12:09:58 [notice] 26#26: exit
2023/07/18 12:09:58 [notice] 23#23: exit
2023/07/18 12:09:58 [notice] 1#1: signal 17 (SIGCHLD) received from 24
2023/07/18 12:09:58 [notice] 1#1: worker process 24 exited with code 0
2023/07/18 12:09:58 [notice] 1#1: worker process 26 exited with code 0
2023/07/18 12:09:58 [notice] 1#1: signal 29 (SIGIO) received
2023/07/18 12:09:58 [notice] 1#1: signal 17 (SIGCHLD) received from 26
2023/07/18 12:09:58 [notice] 1#1: signal 17 (SIGCHLD) received from 25
2023/07/18 12:09:58 [notice] 1#1: worker process 22 exited with code 0
2023/07/18 12:09:58 [notice] 1#1: worker process 25 exited with code 0
2023/07/18 12:09:58 [notice] 1#1: signal 29 (SIGIO) received
2023/07/18 12:09:58 [notice] 1#1: signal 17 (SIGCHLD) received from 22
2023/07/18 12:09:58 [notice] 1#1: signal 17 (SIGCHLD) received from 23
2023/07/18 12:09:58 [notice] 1#1: worker process 23 exited with code 0
2023/07/18 12:09:58 [notice] 1#1: exit
2023/07/18 12:10:02 [notice] 1#1: using the "epoll" event method
2023/07/18 12:10:02 [notice] 1#1: nginx/1.21.3
2023/07/18 12:10:02 [notice] 1#1: built by gcc 8.3.0 (Debian 8.3.0-6) 
2023/07/18 12:10:02 [notice] 1#1: OS: Linux 5.15.49-linuxkit-pr
2023/07/18 12:10:02 [notice] 1#1: getrlimit(RLIMIT_NOFILE): 1048576:1048576
2023/07/18 12:10:02 [notice] 1#1: start worker processes
2023/07/18 12:10:02 [notice] 1#1: start worker process 22
2023/07/18 12:10:02 [notice] 1#1: start worker process 23
2023/07/18 12:10:02 [notice] 1#1: start worker process 24
2023/07/18 12:10:02 [notice] 1#1: start worker process 25
2023/07/18 12:10:02 [notice] 1#1: start worker process 26
2023/07/18 12:13:16 [notice] 1#1: signal 3 (SIGQUIT) received, shutting down
2023/07/18 12:13:16 [notice] 24#24: gracefully shutting down
2023/07/18 12:13:16 [notice] 24#24: exiting
2023/07/18 12:13:16 [notice] 23#23: gracefully shutting down
2023/07/18 12:13:16 [notice] 23#23: exiting
2023/07/18 12:13:16 [notice] 22#22: gracefully shutting down
2023/07/18 12:13:16 [notice] 22#22: exiting
2023/07/18 12:13:16 [notice] 25#25: gracefully shutting down
2023/07/18 12:13:16 [notice] 26#26: gracefully shutting down
2023/07/18 12:13:16 [notice] 24#24: exit
2023/07/18 12:13:16 [notice] 23#23: exit
2023/07/18 12:13:16 [notice] 22#22: exit
2023/07/18 12:13:16 [notice] 25#25: exiting
2023/07/18 12:13:16 [notice] 25#25: exit
2023/07/18 12:13:16 [notice] 26#26: exiting
2023/07/18 12:13:16 [notice] 26#26: exit
2023/07/18 12:13:17 [notice] 1#1: signal 17 (SIGCHLD) received from 24
2023/07/18 12:13:17 [notice] 1#1: worker process 23 exited with code 0
2023/07/18 12:13:17 [notice] 1#1: worker process 24 exited with code 0
2023/07/18 12:13:17 [notice] 1#1: signal 29 (SIGIO) received
2023/07/18 12:13:17 [notice] 1#1: signal 17 (SIGCHLD) received from 23
2023/07/18 12:13:17 [notice] 1#1: signal 17 (SIGCHLD) received from 22
2023/07/18 12:13:17 [notice] 1#1: worker process 22 exited with code 0
2023/07/18 12:13:17 [notice] 1#1: worker process 25 exited with code 0
2023/07/18 12:13:17 [notice] 1#1: worker process 26 exited with code 0
2023/07/18 12:13:17 [notice] 1#1: exit
2023/07/18 12:13:17 [notice] 1#1: using the "epoll" event method
2023/07/18 12:13:17 [notice] 1#1: nginx/1.21.3
2023/07/18 12:13:17 [notice] 1#1: built by gcc 8.3.0 (Debian 8.3.0-6) 
2023/07/18 12:13:17 [notice] 1#1: OS: Linux 5.15.49-linuxkit-pr
2023/07/18 12:13:17 [notice] 1#1: getrlimit(RLIMIT_NOFILE): 1048576:1048576
2023/07/18 12:13:17 [notice] 1#1: start worker processes
2023/07/18 12:13:17 [notice] 1#1: start worker process 22
2023/07/18 12:13:17 [notice] 1#1: start worker process 23
2023/07/18 12:13:17 [notice] 1#1: start worker process 24
2023/07/18 12:13:17 [notice] 1#1: start worker process 25
2023/07/18 12:13:17 [notice] 1#1: start worker process 26
2023/07/18 12:14:57 [notice] 1#1: signal 3 (SIGQUIT) received, shutting down
2023/07/18 12:14:57 [notice] 24#24: gracefully shutting down
2023/07/18 12:14:57 [notice] 24#24: exiting
2023/07/18 12:14:57 [notice] 22#22: gracefully shutting down
2023/07/18 12:14:57 [notice] 22#22: exiting
2023/07/18 12:14:57 [notice] 23#23: gracefully shutting down
2023/07/18 12:14:57 [notice] 23#23: exiting
2023/07/18 12:14:57 [notice] 25#25: gracefully shutting down
2023/07/18 12:14:57 [notice] 25#25: exiting
2023/07/18 12:14:57 [notice] 26#26: gracefully shutting down
2023/07/18 12:14:57 [notice] 24#24: exit
2023/07/18 12:14:57 [notice] 22#22: exit
2023/07/18 12:14:57 [notice] 23#23: exit
2023/07/18 12:14:57 [notice] 25#25: exit
2023/07/18 12:14:57 [notice] 26#26: exiting
2023/07/18 12:14:57 [notice] 26#26: exit
2023/07/18 12:14:57 [notice] 1#1: signal 17 (SIGCHLD) received from 24
2023/07/18 12:14:57 [notice] 1#1: worker process 22 exited with code 0
2023/07/18 12:14:57 [notice] 1#1: worker process 23 exited with code 0
2023/07/18 12:14:57 [notice] 1#1: worker process 24 exited with code 0
2023/07/18 12:14:57 [notice] 1#1: worker process 25 exited with code 0
2023/07/18 12:14:57 [notice] 1#1: signal 29 (SIGIO) received
2023/07/18 12:14:57 [notice] 1#1: signal 17 (SIGCHLD) received from 25
2023/07/18 12:14:57 [notice] 1#1: signal 17 (SIGCHLD) received from 26
2023/07/18 12:14:57 [notice] 1#1: worker process 26 exited with code 0
2023/07/18 12:14:57 [notice] 1#1: exit
2023/07/18 12:15:00 [notice] 1#1: using the "epoll" event method
2023/07/18 12:15:00 [notice] 1#1: nginx/1.21.3
2023/07/18 12:15:00 [notice] 1#1: built by gcc 8.3.0 (Debian 8.3.0-6) 
2023/07/18 12:15:00 [notice] 1#1: OS: Linux 5.15.49-linuxkit-pr
2023/07/18 12:15:00 [notice] 1#1: getrlimit(RLIMIT_NOFILE): 1048576:1048576
2023/07/18 12:15:00 [notice] 1#1: start worker processes
2023/07/18 12:15:00 [notice] 1#1: start worker process 21
2023/07/18 12:15:00 [notice] 1#1: start worker process 22
2023/07/18 12:15:00 [notice] 1#1: start worker process 23
2023/07/18 12:15:00 [notice] 1#1: start worker process 24
2023/07/18 12:15:00 [notice] 1#1: start worker process 25
2023/07/19 06:44:36 [notice] 1#1: signal 3 (SIGQUIT) received, shutting down
2023/07/19 06:44:36 [notice] 21#21: gracefully shutting down
2023/07/19 06:44:36 [notice] 24#24: gracefully shutting down
2023/07/19 06:44:36 [notice] 23#23: gracefully shutting down
2023/07/19 06:44:36 [notice] 22#22: gracefully shutting down
2023/07/19 06:44:36 [notice] 25#25: gracefully shutting down
2023/07/19 06:44:36 [notice] 21#21: exiting
2023/07/19 06:44:36 [notice] 21#21: exit
2023/07/19 06:44:36 [notice] 24#24: exiting
2023/07/19 06:44:36 [notice] 24#24: exit
2023/07/19 06:44:36 [notice] 23#23: exiting
2023/07/19 06:44:36 [notice] 22#22: exiting
2023/07/19 06:44:36 [notice] 25#25: exiting
2023/07/19 06:44:36 [notice] 23#23: exit
2023/07/19 06:44:36 [notice] 22#22: exit
2023/07/19 06:44:36 [notice] 25#25: exit
2023/07/19 06:44:36 [notice] 1#1: signal 17 (SIGCHLD) received from 23
2023/07/19 06:44:36 [notice] 1#1: worker process 21 exited with code 0
2023/07/19 06:44:36 [notice] 1#1: worker process 23 exited with code 0
2023/07/19 06:44:36 [notice] 1#1: signal 29 (SIGIO) received
2023/07/19 06:44:36 [notice] 1#1: signal 17 (SIGCHLD) received from 21
2023/07/19 06:44:36 [notice] 1#1: worker process 24 exited with code 0
2023/07/19 06:44:36 [notice] 1#1: worker process 25 exited with code 0
2023/07/19 06:44:36 [notice] 1#1: signal 29 (SIGIO) received
2023/07/19 06:44:36 [notice] 1#1: signal 17 (SIGCHLD) received from 24
2023/07/19 06:44:36 [notice] 1#1: signal 17 (SIGCHLD) received from 22
2023/07/19 06:44:36 [notice] 1#1: worker process 22 exited with code 0
2023/07/19 06:44:36 [notice] 1#1: exit
2023/07/19 06:44:37 [emerg] 1#1: host not found in upstream "prometheus" in /etc/nginx/conf.d/www.example.com.conf:26
2023/07/19 06:44:38 [notice] 1#1: using the "epoll" event method
2023/07/19 06:44:38 [notice] 1#1: nginx/1.21.3
2023/07/19 06:44:38 [notice] 1#1: built by gcc 8.3.0 (Debian 8.3.0-6) 
2023/07/19 06:44:38 [notice] 1#1: OS: Linux 5.15.49-linuxkit-pr
2023/07/19 06:44:38 [notice] 1#1: getrlimit(RLIMIT_NOFILE): 1048576:1048576
2023/07/19 06:44:38 [notice] 1#1: start worker processes
2023/07/19 06:44:38 [notice] 1#1: start worker process 22
2023/07/19 06:44:38 [notice] 1#1: start worker process 23
2023/07/19 06:44:38 [notice] 1#1: start worker process 24
2023/07/19 06:44:38 [notice] 1#1: start worker process 25
2023/07/19 06:44:38 [notice] 1#1: start worker process 26
2023/07/19 06:46:06 [notice] 1#1: signal 3 (SIGQUIT) received, shutting down
2023/07/19 06:46:06 [notice] 22#22: gracefully shutting down
2023/07/19 06:46:06 [notice] 23#23: gracefully shutting down
2023/07/19 06:46:06 [notice] 25#25: gracefully shutting down
2023/07/19 06:46:06 [notice] 25#25: exiting
2023/07/19 06:46:06 [notice] 24#24: gracefully shutting down
2023/07/19 06:46:06 [notice] 24#24: exiting
2023/07/19 06:46:06 [notice] 26#26: gracefully shutting down
2023/07/19 06:46:06 [notice] 22#22: exiting
2023/07/19 06:46:06 [notice] 22#22: exit
2023/07/19 06:46:06 [notice] 23#23: exiting
2023/07/19 06:46:06 [notice] 23#23: exit
2023/07/19 06:46:06 [notice] 25#25: exit
2023/07/19 06:46:06 [notice] 24#24: exit
2023/07/19 06:46:06 [notice] 26#26: exiting
2023/07/19 06:46:06 [notice] 26#26: exit
2023/07/19 06:46:06 [notice] 1#1: signal 17 (SIGCHLD) received from 22
2023/07/19 06:46:06 [notice] 1#1: worker process 22 exited with code 0
2023/07/19 06:46:06 [notice] 1#1: worker process 24 exited with code 0
2023/07/19 06:46:06 [notice] 1#1: signal 29 (SIGIO) received
2023/07/19 06:46:06 [notice] 1#1: signal 17 (SIGCHLD) received from 24
2023/07/19 06:46:06 [notice] 1#1: worker process 23 exited with code 0
2023/07/19 06:46:06 [notice] 1#1: worker process 25 exited with code 0
2023/07/19 06:46:06 [notice] 1#1: worker process 26 exited with code 0
2023/07/19 06:46:06 [notice] 1#1: exit
2023/07/19 06:46:09 [notice] 1#1: using the "epoll" event method
2023/07/19 06:46:09 [notice] 1#1: nginx/1.21.3
2023/07/19 06:46:09 [notice] 1#1: built by gcc 8.3.0 (Debian 8.3.0-6) 
2023/07/19 06:46:09 [notice] 1#1: OS: Linux 5.15.49-linuxkit-pr
2023/07/19 06:46:09 [notice] 1#1: getrlimit(RLIMIT_NOFILE): 1048576:1048576
2023/07/19 06:46:09 [notice] 1#1: start worker processes
2023/07/19 06:46:09 [notice] 1#1: start worker process 21
2023/07/19 06:46:09 [notice] 1#1: start worker process 22
2023/07/19 06:46:09 [notice] 1#1: start worker process 23
2023/07/19 06:46:09 [notice] 1#1: start worker process 24
2023/07/19 06:46:09 [notice] 1#1: start worker process 25
2023/07/19 06:50:30 [notice] 1#1: signal 3 (SIGQUIT) received, shutting down
2023/07/19 06:50:30 [notice] 21#21: gracefully shutting down
2023/07/19 06:50:30 [notice] 21#21: exiting
2023/07/19 06:50:30 [notice] 23#23: gracefully shutting down
2023/07/19 06:50:30 [notice] 23#23: exiting
2023/07/19 06:50:30 [notice] 24#24: gracefully shutting down
2023/07/19 06:50:30 [notice] 24#24: exiting
2023/07/19 06:50:30 [notice] 25#25: gracefully shutting down
2023/07/19 06:50:30 [notice] 25#25: exiting
2023/07/19 06:50:30 [notice] 22#22: gracefully shutting down
2023/07/19 06:50:30 [notice] 21#21: exit
2023/07/19 06:50:30 [notice] 23#23: exit
2023/07/19 06:50:30 [notice] 24#24: exit
2023/07/19 06:50:30 [notice] 25#25: exit
2023/07/19 06:50:30 [notice] 22#22: exiting
2023/07/19 06:50:30 [notice] 22#22: exit
2023/07/19 06:50:30 [notice] 1#1: signal 17 (SIGCHLD) received from 24
2023/07/19 06:50:30 [notice] 1#1: worker process 24 exited with code 0
2023/07/19 06:50:30 [notice] 1#1: signal 29 (SIGIO) received
2023/07/19 06:50:30 [notice] 1#1: signal 17 (SIGCHLD) received from 23
2023/07/19 06:50:30 [notice] 1#1: worker process 23 exited with code 0
2023/07/19 06:50:30 [notice] 1#1: worker process 22 exited with code 0
2023/07/19 06:50:30 [notice] 1#1: worker process 25 exited with code 0
2023/07/19 06:50:30 [notice] 1#1: signal 29 (SIGIO) received
2023/07/19 06:50:30 [notice] 1#1: signal 17 (SIGCHLD) received from 25
2023/07/19 06:50:30 [notice] 1#1: worker process 21 exited with code 0
2023/07/19 06:50:30 [notice] 1#1: exit
2023/07/19 06:50:33 [notice] 1#1: using the "epoll" event method
2023/07/19 06:50:33 [notice] 1#1: nginx/1.21.3
2023/07/19 06:50:33 [notice] 1#1: built by gcc 8.3.0 (Debian 8.3.0-6) 
2023/07/19 06:50:33 [notice] 1#1: OS: Linux 5.15.49-linuxkit-pr
2023/07/19 06:50:33 [notice] 1#1: getrlimit(RLIMIT_NOFILE): 1048576:1048576
2023/07/19 06:50:33 [notice] 1#1: start worker processes
2023/07/19 06:50:33 [notice] 1#1: start worker process 22
2023/07/19 06:50:33 [notice] 1#1: start worker process 23
2023/07/19 06:50:33 [notice] 1#1: start worker process 24
2023/07/19 06:50:33 [notice] 1#1: start worker process 25
2023/07/19 06:50:33 [notice] 1#1: start worker process 26
2023/07/19 06:54:29 [notice] 1#1: signal 3 (SIGQUIT) received, shutting down
2023/07/19 06:54:29 [notice] 24#24: gracefully shutting down
2023/07/19 06:54:29 [notice] 25#25: gracefully shutting down
2023/07/19 06:54:29 [notice] 25#25: exiting
2023/07/19 06:54:29 [notice] 23#23: gracefully shutting down
2023/07/19 06:54:29 [notice] 23#23: exiting
2023/07/19 06:54:29 [notice] 22#22: gracefully shutting down
2023/07/19 06:54:29 [notice] 22#22: exiting
2023/07/19 06:54:29 [notice] 26#26: gracefully shutting down
2023/07/19 06:54:29 [notice] 26#26: exiting
2023/07/19 06:54:29 [notice] 24#24: exiting
2023/07/19 06:54:29 [notice] 24#24: exit
2023/07/19 06:54:29 [notice] 25#25: exit
2023/07/19 06:54:29 [notice] 23#23: exit
2023/07/19 06:54:29 [notice] 22#22: exit
2023/07/19 06:54:29 [notice] 26#26: exit
2023/07/19 06:54:29 [notice] 1#1: signal 17 (SIGCHLD) received from 24
2023/07/19 06:54:29 [notice] 1#1: worker process 24 exited with code 0
2023/07/19 06:54:29 [notice] 1#1: worker process 25 exited with code 0
2023/07/19 06:54:29 [notice] 1#1: signal 29 (SIGIO) received
2023/07/19 06:54:29 [notice] 1#1: signal 17 (SIGCHLD) received from 25
2023/07/19 06:54:29 [notice] 1#1: signal 17 (SIGCHLD) received from 23
2023/07/19 06:54:29 [notice] 1#1: worker process 23 exited with code 0
2023/07/19 06:54:29 [notice] 1#1: signal 29 (SIGIO) received
2023/07/19 06:54:29 [notice] 1#1: signal 17 (SIGCHLD) received from 26
2023/07/19 06:54:29 [notice] 1#1: worker process 26 exited with code 0
2023/07/19 06:54:29 [notice] 1#1: worker process 22 exited with code 0
2023/07/19 06:54:29 [notice] 1#1: exit
2023/07/19 06:54:30 [notice] 1#1: using the "epoll" event method
2023/07/19 06:54:30 [notice] 1#1: nginx/1.21.3
2023/07/19 06:54:30 [notice] 1#1: built by gcc 8.3.0 (Debian 8.3.0-6) 
2023/07/19 06:54:30 [notice] 1#1: OS: Linux 5.15.49-linuxkit-pr
2023/07/19 06:54:30 [notice] 1#1: getrlimit(RLIMIT_NOFILE): 1048576:1048576
2023/07/19 06:54:30 [notice] 1#1: start worker processes
2023/07/19 06:54:30 [notice] 1#1: start worker process 22
2023/07/19 06:54:30 [notice] 1#1: start worker process 23
2023/07/19 06:54:30 [notice] 1#1: start worker process 24
2023/07/19 06:54:30 [notice] 1#1: start worker process 25
2023/07/19 06:54:30 [notice] 1#1: start worker process 26
